Using pre-set license
Built from '2021.3/staging' branch; Version is '2021.3.7f1 (24e8595d6d43) revision 2418777'; Using compiler version '192829333'; Build Type 'Release'
OS: 'Windows 10  (10.0.18363) 64bit ProfessionalWorkstation' Language: 'tr' Physical Memory: 8119 MB
BatchMode: 1, IsHumanControllingUs: 0, StartBugReporterOnCrash: 0, Is64bit: 1, IsPro: 1

COMMAND LINE ARGUMENTS:
C:\Program Files\Unity\Hub\Editor\2021.3.7f1\Editor\Unity.exe
-adb2
-batchMode
-noUpm
-name
AssetImportWorker0
-projectPath
D:/GitHub/Connectinno/Connectinno
-logFile
Logs/AssetImportWorker0.log
-srvPort
54683
Successfully changed project path to: D:/GitHub/Connectinno/Connectinno
D:/GitHub/Connectinno/Connectinno
[UnityMemory] Configuration Parameters - Can be set up in boot.config
    "memorysetup-bucket-allocator-granularity=16"
    "memorysetup-bucket-allocator-bucket-count=8"
    "memorysetup-bucket-allocator-block-size=33554432"
    "memorysetup-bucket-allocator-block-count=8"
    "memorysetup-main-allocator-block-size=16777216"
    "memorysetup-thread-allocator-block-size=16777216"
    "memorysetup-gfx-main-allocator-block-size=16777216"
    "memorysetup-gfx-thread-allocator-block-size=16777216"
    "memorysetup-cache-allocator-block-size=4194304"
    "memorysetup-typetree-allocator-block-size=2097152"
    "memorysetup-profiler-bucket-allocator-granularity=16"
    "memorysetup-profiler-bucket-allocator-bucket-count=8"
    "memorysetup-profiler-bucket-allocator-block-size=33554432"
    "memorysetup-profiler-bucket-allocator-block-count=8"
    "memorysetup-profiler-allocator-block-size=16777216"
    "memorysetup-profiler-editor-allocator-block-size=1048576"
    "memorysetup-temp-allocator-size-main=16777216"
    "memorysetup-job-temp-allocator-block-size=2097152"
    "memorysetup-job-temp-allocator-block-size-background=1048576"
    "memorysetup-job-temp-allocator-reduction-small-platforms=262144"
    "memorysetup-temp-allocator-size-background-worker=32768"
    "memorysetup-temp-allocator-size-job-worker=262144"
    "memorysetup-temp-allocator-size-preload-manager=33554432"
    "memorysetup-temp-allocator-size-nav-mesh-worker=65536"
    "memorysetup-temp-allocator-size-audio-worker=65536"
    "memorysetup-temp-allocator-size-cloud-worker=32768"
    "memorysetup-temp-allocator-size-gi-baking-worker=262144"
    "memorysetup-temp-allocator-size-gfx=262144"
Refreshing native plugins compatible for Editor in 162.18 ms, found 3 plugins.
Preloading 0 native plugins for Editor in 0.00 ms.
Initialize engine version: 2021.3.7f1 (24e8595d6d43)
[Subsystems] Discovering subsystems at path C:/Program Files/Unity/Hub/Editor/2021.3.7f1/Editor/Data/Resources/UnitySubsystems
[Subsystems] Discovering subsystems at path D:/GitHub/Connectinno/Connectinno/Assets
GfxDevice: creating device client; threaded=0; jobified=0
Direct3D:
    Version:  Direct3D 11.0 [level 11.0]
    Renderer: NVIDIA GeForce GT 745M (ID=0xfe3)
    Vendor:   NVIDIA
    VRAM:     4054 MB
    Driver:   25.21.14.2531
Initialize mono
Mono path[0] = 'C:/Program Files/Unity/Hub/Editor/2021.3.7f1/Editor/Data/Managed'
Mono path[1] = 'C:/Program Files/Unity/Hub/Editor/2021.3.7f1/Editor/Data/MonoBleedingEdge/lib/mono/unityjit-win32'
Mono config path = 'C:/Program Files/Unity/Hub/Editor/2021.3.7f1/Editor/Data/MonoBleedingEdge/etc'
Using monoOptions --debugger-agent=transport=dt_socket,embedding=1,server=y,suspend=n,address=127.0.0.1:56648
Begin MonoManager ReloadAssembly
Registering precompiled unity dll's ...
Register platform support module: C:/Program Files/Unity/Hub/Editor/2021.3.7f1/Editor/Data/PlaybackEngines/WebGLSupport/UnityEditor.WebGL.Extensions.dll
Register platform support module: C:/Program Files/Unity/Hub/Editor/2021.3.7f1/Editor/Data/PlaybackEngines/AndroidPlayer/UnityEditor.Android.Extensions.dll
Register platform support module: C:/Program Files/Unity/Hub/Editor/2021.3.7f1/Editor/Data/PlaybackEngines/WindowsStandaloneSupport/UnityEditor.WindowsStandalone.Extensions.dll
Registered in 0.017482 seconds.
Native extension for WindowsStandalone target not found
Native extension for Android target not found
Native extension for WebGL target not found
Refreshing native plugins compatible for Editor in 164.36 ms, found 3 plugins.
Preloading 0 native plugins for Editor in 0.00 ms.
Mono: successfully reloaded assembly
- Completed reload, in  1.361 seconds
Domain Reload Profiling:
	ReloadAssembly (1362ms)
		BeginReloadAssembly (172ms)
			ExecutionOrderSort (0ms)
			DisableScriptedObjects (0ms)
			BackupInstance (0ms)
			ReleaseScriptingObjects (0ms)
			CreateAndSetChildDomain (2ms)
		EndReloadAssembly (949ms)
			LoadAssemblies (165ms)
			RebuildTransferFunctionScriptingTraits (0ms)
			SetupTypeCache (222ms)
			ReleaseScriptCaches (0ms)
			RebuildScriptCaches (55ms)
			SetupLoadedEditorAssemblies (566ms)
				LogAssemblyErrors (0ms)
				InitializePlatformSupportModulesInManaged (113ms)
				SetLoadedEditorAssemblies (0ms)
				RefreshPlugins (165ms)
				BeforeProcessingInitializeOnLoad (5ms)
				ProcessInitializeOnLoadAttributes (191ms)
				ProcessInitializeOnLoadMethodAttributes (91ms)
				AfterProcessingInitializeOnLoad (0ms)
				EditorAssembliesLoaded (0ms)
			ExecutionOrderSort2 (0ms)
			AwakeInstancesAfterBackupRestoration (0ms)
Platform modules already initialized, skipping
Registering precompiled user dll's ...
Registered in 0.015703 seconds.
Begin MonoManager ReloadAssembly
Symbol file LoadedFromMemory doesn't match image D:\GitHub\Connectinno\Connectinno\Library\PackageCache\com.unity.visualscripting@1.7.8\Editor\VisualScripting.Core\Dependencies\YamlDotNet\Unity.VisualScripting.YamlDotNet.dll
Symbol file LoadedFromMemory doesn't match image D:\GitHub\Connectinno\Connectinno\Library\PackageCache\com.unity.visualscripting@1.7.8\Editor\VisualScripting.Core\Dependencies\DotNetZip\Unity.VisualScripting.IonicZip.dll
Native extension for WindowsStandalone target not found
Native extension for Android target not found
Native extension for WebGL target not found
Refreshing native plugins compatible for Editor in 1.13 ms, found 3 plugins.
Preloading 0 native plugins for Editor in 0.00 ms.
Mono: successfully reloaded assembly
- Completed reload, in  2.264 seconds
Domain Reload Profiling:
	ReloadAssembly (2266ms)
		BeginReloadAssembly (347ms)
			ExecutionOrderSort (0ms)
			DisableScriptedObjects (14ms)
			BackupInstance (0ms)
			ReleaseScriptingObjects (0ms)
			CreateAndSetChildDomain (148ms)
		EndReloadAssembly (1664ms)
			LoadAssemblies (184ms)
			RebuildTransferFunctionScriptingTraits (0ms)
			SetupTypeCache (561ms)
			ReleaseScriptCaches (1ms)
			RebuildScriptCaches (97ms)
			SetupLoadedEditorAssemblies (744ms)
				LogAssemblyErrors (0ms)
				InitializePlatformSupportModulesInManaged (31ms)
				SetLoadedEditorAssemblies (1ms)
				RefreshPlugins (1ms)
				BeforeProcessingInitializeOnLoad (164ms)
				ProcessInitializeOnLoadAttributes (467ms)
				ProcessInitializeOnLoadMethodAttributes (58ms)
				AfterProcessingInitializeOnLoad (21ms)
				EditorAssembliesLoaded (0ms)
			ExecutionOrderSort2 (0ms)
			AwakeInstancesAfterBackupRestoration (12ms)
Platform modules already initialized, skipping
========================================================================
Worker process is ready to serve import requests
Launched and connected shader compiler UnityShaderCompiler.exe after 0.07 seconds
Refreshing native plugins compatible for Editor in 0.88 ms, found 3 plugins.
Preloading 0 native plugins for Editor in 0.00 ms.
Unloading 3548 Unused Serialized files (Serialized files now loaded: 0)
Unloading 42 unused Assets / (1.3 MB). Loaded Objects now: 4004.
Memory consumption went from 134.4 MB to 133.0 MB.
Total: 6.566500 ms (FindLiveObjects: 1.114000 ms CreateObjectMapping: 0.482400 ms MarkObjects: 4.472800 ms  DeleteObjects: 0.495600 ms)

AssetImportParameters requested are different than current active one (requested -> active):
  custom:video-decoder-ogg-theora: a1e56fd34408186e4bbccfd4996cb3dc -> 
  custom:container-muxer-webm: aa71ff27fc2769a1b78a27578f13a17b -> 
  custom:container-demuxer-webm: 4f35f7cbe854078d1ac9338744f61a02 -> 
  custom:video-encoder-webm-vp8: eb34c28f22e8b96e1ab97ce403110664 -> 
  custom:audio-encoder-webm-vorbis: bf7c407c2cedff20999df2af8eb42d56 -> 
  custom:framework-win-MediaFoundation: 216162199b28c13a410421893ffa2e32 -> 
  custom:container-demuxer-ogg: 62fdf1f143b41e24485cea50d1cbac27 -> 
  custom:video-decoder-webm-vp8: 9c59270c3fd7afecdb556c50c9e8de78 -> 
  custom:audio-decoder-ogg-vorbis: bf7c407c2cedff20999df2af8eb42d56 -> 
========================================================================
Received Import Request.
  Time since last request: 283945.235106 seconds.
  path: Assets/Prefabs/World/MealDish.prefab
  artifactKey: Guid(2b11cfaba261f534b8244c68d68d2f93) Importer(815301076,1909f56bfc062723c751e8b465ee728b)
Start importing Assets/Prefabs/World/MealDish.prefab using Guid(2b11cfaba261f534b8244c68d68d2f93) Importer(815301076,1909f56bfc062723c751e8b465ee728b)  -> (artifact id: '160172db21d678673aa515e0840d8faa') in 0.315607 seconds 
========================================================================
Received Import Request.
  Time since last request: 16.985398 seconds.
  path: Assets/Prefabs/World/MealDish.prefab
  artifactKey: Guid(2b11cfaba261f534b8244c68d68d2f93) Importer(815301076,1909f56bfc062723c751e8b465ee728b)
Start importing Assets/Prefabs/World/MealDish.prefab using Guid(2b11cfaba261f534b8244c68d68d2f93) Importer(815301076,1909f56bfc062723c751e8b465ee728b)  -> (artifact id: '76b2844a49975022b8afcb3951df7e20') in 0.080670 seconds 
========================================================================
Received Import Request.
  Time since last request: 3.366210 seconds.
  path: Assets/Prefabs/World/MealDish.prefab
  artifactKey: Guid(2b11cfaba261f534b8244c68d68d2f93) Importer(815301076,1909f56bfc062723c751e8b465ee728b)
Start importing Assets/Prefabs/World/MealDish.prefab using Guid(2b11cfaba261f534b8244c68d68d2f93) Importer(815301076,1909f56bfc062723c751e8b465ee728b)  -> (artifact id: '856532e01a186ccd3f4f8a46d8861af1') in 0.067305 seconds 
========================================================================
Received Import Request.
  Time since last request: 4.827839 seconds.
  path: Assets/Prefabs/World/MealDish.prefab
  artifactKey: Guid(2b11cfaba261f534b8244c68d68d2f93) Importer(815301076,1909f56bfc062723c751e8b465ee728b)
Start importing Assets/Prefabs/World/MealDish.prefab using Guid(2b11cfaba261f534b8244c68d68d2f93) Importer(815301076,1909f56bfc062723c751e8b465ee728b)  -> (artifact id: '3c76baa1e2fc898c341e0c576d429092') in 0.067462 seconds 
========================================================================
Received Import Request.
  Time since last request: 8.180245 seconds.
  path: Assets/Prefabs/World/MealDish.prefab
  artifactKey: Guid(2b11cfaba261f534b8244c68d68d2f93) Importer(815301076,1909f56bfc062723c751e8b465ee728b)
Start importing Assets/Prefabs/World/MealDish.prefab using Guid(2b11cfaba261f534b8244c68d68d2f93) Importer(815301076,1909f56bfc062723c751e8b465ee728b)  -> (artifact id: '8e159805bd6dd46c7c94469a6aa90136') in 0.067415 seconds 
========================================================================
Received Import Request.
  Time since last request: 4.226850 seconds.
  path: Assets/Prefabs/World/MealDish.prefab
  artifactKey: Guid(2b11cfaba261f534b8244c68d68d2f93) Importer(815301076,1909f56bfc062723c751e8b465ee728b)
Start importing Assets/Prefabs/World/MealDish.prefab using Guid(2b11cfaba261f534b8244c68d68d2f93) Importer(815301076,1909f56bfc062723c751e8b465ee728b)  -> (artifact id: 'a015565afcfa54be123a6d8d54395b0d') in 0.067744 seconds 
========================================================================
Received Import Request.
  Time since last request: 3.203512 seconds.
  path: Assets/Prefabs/World/MealDish.prefab
  artifactKey: Guid(2b11cfaba261f534b8244c68d68d2f93) Importer(815301076,1909f56bfc062723c751e8b465ee728b)
Start importing Assets/Prefabs/World/MealDish.prefab using Guid(2b11cfaba261f534b8244c68d68d2f93) Importer(815301076,1909f56bfc062723c751e8b465ee728b)  -> (artifact id: 'd379784c57620ebf5f6171c6a8f22af7') in 0.069334 seconds 
========================================================================
Received Import Request.
  Time since last request: 1.568116 seconds.
  path: Assets/Prefabs/World/MealDish.prefab
  artifactKey: Guid(2b11cfaba261f534b8244c68d68d2f93) Importer(815301076,1909f56bfc062723c751e8b465ee728b)
Start importing Assets/Prefabs/World/MealDish.prefab using Guid(2b11cfaba261f534b8244c68d68d2f93) Importer(815301076,1909f56bfc062723c751e8b465ee728b)  -> (artifact id: '0f4cfcee534c6d9a2068aa34d036619c') in 0.069221 seconds 
========================================================================
Received Import Request.
  Time since last request: 6.072683 seconds.
  path: Assets/Prefabs/World/MealDish.prefab
  artifactKey: Guid(2b11cfaba261f534b8244c68d68d2f93) Importer(815301076,1909f56bfc062723c751e8b465ee728b)
Start importing Assets/Prefabs/World/MealDish.prefab using Guid(2b11cfaba261f534b8244c68d68d2f93) Importer(815301076,1909f56bfc062723c751e8b465ee728b)  -> (artifact id: 'b5096aac12405feb0e44702b37ef3df8') in 0.066432 seconds 
========================================================================
Received Import Request.
  Time since last request: 4.821184 seconds.
  path: Assets/Prefabs/World/MealDish.prefab
  artifactKey: Guid(2b11cfaba261f534b8244c68d68d2f93) Importer(815301076,1909f56bfc062723c751e8b465ee728b)
Start importing Assets/Prefabs/World/MealDish.prefab using Guid(2b11cfaba261f534b8244c68d68d2f93) Importer(815301076,1909f56bfc062723c751e8b465ee728b)  -> (artifact id: '315517102840bea3ead0f7af1047fc51') in 0.067675 seconds 
========================================================================
Received Import Request.
  Time since last request: 1.588950 seconds.
  path: Assets/Prefabs/World/MealDish.prefab
  artifactKey: Guid(2b11cfaba261f534b8244c68d68d2f93) Importer(815301076,1909f56bfc062723c751e8b465ee728b)
Start importing Assets/Prefabs/World/MealDish.prefab using Guid(2b11cfaba261f534b8244c68d68d2f93) Importer(815301076,1909f56bfc062723c751e8b465ee728b)  -> (artifact id: '0f933acb055a2e9dd17950c237818469') in 0.065947 seconds 
========================================================================
Received Import Request.
  Time since last request: 1.382938 seconds.
  path: Assets/Prefabs/World/MealDish.prefab
  artifactKey: Guid(2b11cfaba261f534b8244c68d68d2f93) Importer(815301076,1909f56bfc062723c751e8b465ee728b)
Start importing Assets/Prefabs/World/MealDish.prefab using Guid(2b11cfaba261f534b8244c68d68d2f93) Importer(815301076,1909f56bfc062723c751e8b465ee728b)  -> (artifact id: 'be89eed9a25ec88d8b166b3bd1317d5d') in 0.070721 seconds 
========================================================================
Received Import Request.
  Time since last request: 7.736644 seconds.
  path: Assets/Prefabs/World/MealDish.prefab
  artifactKey: Guid(2b11cfaba261f534b8244c68d68d2f93) Importer(815301076,1909f56bfc062723c751e8b465ee728b)
Start importing Assets/Prefabs/World/MealDish.prefab using Guid(2b11cfaba261f534b8244c68d68d2f93) Importer(815301076,1909f56bfc062723c751e8b465ee728b)  -> (artifact id: '56d20ad9b94dc8802dd3d0810930b76c') in 0.069210 seconds 
========================================================================
Received Import Request.
  Time since last request: 0.722412 seconds.
  path: Assets/Prefabs/World/MealDish.prefab
  artifactKey: Guid(2b11cfaba261f534b8244c68d68d2f93) Importer(815301076,1909f56bfc062723c751e8b465ee728b)
Start importing Assets/Prefabs/World/MealDish.prefab using Guid(2b11cfaba261f534b8244c68d68d2f93) Importer(815301076,1909f56bfc062723c751e8b465ee728b)  -> (artifact id: '55da9c8f3f55aab0dc15c47eab9427f1') in 0.068626 seconds 
========================================================================
Received Import Request.
  Time since last request: 6.463891 seconds.
  path: Assets/Prefabs/World/MealDish.prefab
  artifactKey: Guid(2b11cfaba261f534b8244c68d68d2f93) Importer(815301076,1909f56bfc062723c751e8b465ee728b)
Start importing Assets/Prefabs/World/MealDish.prefab using Guid(2b11cfaba261f534b8244c68d68d2f93) Importer(815301076,1909f56bfc062723c751e8b465ee728b)  -> (artifact id: 'f74bc272569ef89adb20a9f99c78d822') in 0.069693 seconds 
========================================================================
Received Import Request.
  Time since last request: 4.429264 seconds.
  path: Assets/Prefabs/World/MealDish.prefab
  artifactKey: Guid(2b11cfaba261f534b8244c68d68d2f93) Importer(815301076,1909f56bfc062723c751e8b465ee728b)
Start importing Assets/Prefabs/World/MealDish.prefab using Guid(2b11cfaba261f534b8244c68d68d2f93) Importer(815301076,1909f56bfc062723c751e8b465ee728b)  -> (artifact id: 'ddf86d17112803c291fdb1fdf3f665a8') in 0.071239 seconds 
========================================================================
Received Import Request.
  Time since last request: 2.899245 seconds.
  path: Assets/Prefabs/World/MealDish.prefab
  artifactKey: Guid(2b11cfaba261f534b8244c68d68d2f93) Importer(815301076,1909f56bfc062723c751e8b465ee728b)
Start importing Assets/Prefabs/World/MealDish.prefab using Guid(2b11cfaba261f534b8244c68d68d2f93) Importer(815301076,1909f56bfc062723c751e8b465ee728b)  -> (artifact id: '85dc5f31215e27775e55aff3f5b68d8f') in 0.070342 seconds 
========================================================================
Received Import Request.
  Time since last request: 11.853083 seconds.
  path: Assets/Prefabs/World/MealDish.prefab
  artifactKey: Guid(2b11cfaba261f534b8244c68d68d2f93) Importer(815301076,1909f56bfc062723c751e8b465ee728b)
Start importing Assets/Prefabs/World/MealDish.prefab using Guid(2b11cfaba261f534b8244c68d68d2f93) Importer(815301076,1909f56bfc062723c751e8b465ee728b)  -> (artifact id: '2ed9c83196e5d39c811a3d40111ff7fd') in 0.068735 seconds 
========================================================================
Received Import Request.
  Time since last request: 1.522451 seconds.
  path: Assets/Prefabs/World/MealDish.prefab
  artifactKey: Guid(2b11cfaba261f534b8244c68d68d2f93) Importer(815301076,1909f56bfc062723c751e8b465ee728b)
Start importing Assets/Prefabs/World/MealDish.prefab using Guid(2b11cfaba261f534b8244c68d68d2f93) Importer(815301076,1909f56bfc062723c751e8b465ee728b)  -> (artifact id: '848b233ec41b223f4be798d834e70359') in 0.070739 seconds 
========================================================================
Received Import Request.
  Time since last request: 2.007120 seconds.
  path: Assets/Prefabs/World/MealDish.prefab
  artifactKey: Guid(2b11cfaba261f534b8244c68d68d2f93) Importer(815301076,1909f56bfc062723c751e8b465ee728b)
Start importing Assets/Prefabs/World/MealDish.prefab using Guid(2b11cfaba261f534b8244c68d68d2f93) Importer(815301076,1909f56bfc062723c751e8b465ee728b)  -> (artifact id: '7cf570b035f2cb50c0090b1ba4d1c034') in 0.062401 seconds 
========================================================================
Received Import Request.
  Time since last request: 2.426515 seconds.
  path: Assets/Prefabs/World/MealDish.prefab
  artifactKey: Guid(2b11cfaba261f534b8244c68d68d2f93) Importer(815301076,1909f56bfc062723c751e8b465ee728b)
Start importing Assets/Prefabs/World/MealDish.prefab using Guid(2b11cfaba261f534b8244c68d68d2f93) Importer(815301076,1909f56bfc062723c751e8b465ee728b)  -> (artifact id: '45282ad2bcf933f82f340001059d5238') in 0.069518 seconds 
========================================================================
Received Import Request.
  Time since last request: 6.591998 seconds.
  path: Assets/Prefabs/World/MealDish.prefab
  artifactKey: Guid(2b11cfaba261f534b8244c68d68d2f93) Importer(815301076,1909f56bfc062723c751e8b465ee728b)
Start importing Assets/Prefabs/World/MealDish.prefab using Guid(2b11cfaba261f534b8244c68d68d2f93) Importer(815301076,1909f56bfc062723c751e8b465ee728b)  -> (artifact id: '8a607d8b1e4e1ef52730b5e965001d0e') in 0.070724 seconds 
========================================================================
Received Import Request.
  Time since last request: 2.718048 seconds.
  path: Assets/Prefabs/World/MealDish.prefab
  artifactKey: Guid(2b11cfaba261f534b8244c68d68d2f93) Importer(815301076,1909f56bfc062723c751e8b465ee728b)
Start importing Assets/Prefabs/World/MealDish.prefab using Guid(2b11cfaba261f534b8244c68d68d2f93) Importer(815301076,1909f56bfc062723c751e8b465ee728b)  -> (artifact id: 'd52a3a70b1707786ef47df32274d29dc') in 0.065601 seconds 
========================================================================
Received Import Request.
  Time since last request: 3.416201 seconds.
  path: Assets/Prefabs/World/MealDish.prefab
  artifactKey: Guid(2b11cfaba261f534b8244c68d68d2f93) Importer(815301076,1909f56bfc062723c751e8b465ee728b)
Start importing Assets/Prefabs/World/MealDish.prefab using Guid(2b11cfaba261f534b8244c68d68d2f93) Importer(815301076,1909f56bfc062723c751e8b465ee728b)  -> (artifact id: '1f7fea0ccb834840a7826a4b7d1ea199') in 0.068724 seconds 
========================================================================
Received Import Request.
  Time since last request: 6.667023 seconds.
  path: Assets/Prefabs/World/MealDish.prefab
  artifactKey: Guid(2b11cfaba261f534b8244c68d68d2f93) Importer(815301076,1909f56bfc062723c751e8b465ee728b)
Start importing Assets/Prefabs/World/MealDish.prefab using Guid(2b11cfaba261f534b8244c68d68d2f93) Importer(815301076,1909f56bfc062723c751e8b465ee728b)  -> (artifact id: '3d25c7e9ebbaf9d742e6a56bb7ab40db') in 0.062840 seconds 
========================================================================
Received Import Request.
  Time since last request: 3.617496 seconds.
  path: Assets/Prefabs/World/MealDish.prefab
  artifactKey: Guid(2b11cfaba261f534b8244c68d68d2f93) Importer(815301076,1909f56bfc062723c751e8b465ee728b)
Start importing Assets/Prefabs/World/MealDish.prefab using Guid(2b11cfaba261f534b8244c68d68d2f93) Importer(815301076,1909f56bfc062723c751e8b465ee728b)  -> (artifact id: '593cc330e82afbd0fc53e49a82c7b7f0') in 0.063903 seconds 
========================================================================
Received Import Request.
  Time since last request: 2.965029 seconds.
  path: Assets/Prefabs/World/MealDish.prefab
  artifactKey: Guid(2b11cfaba261f534b8244c68d68d2f93) Importer(815301076,1909f56bfc062723c751e8b465ee728b)
Start importing Assets/Prefabs/World/MealDish.prefab using Guid(2b11cfaba261f534b8244c68d68d2f93) Importer(815301076,1909f56bfc062723c751e8b465ee728b)  -> (artifact id: 'c6a682d47a6c0c423a5a48ca299700a9') in 0.072395 seconds 
========================================================================
Received Import Request.
  Time since last request: 3.814199 seconds.
  path: Assets/Prefabs/World/MealDish.prefab
  artifactKey: Guid(2b11cfaba261f534b8244c68d68d2f93) Importer(815301076,1909f56bfc062723c751e8b465ee728b)
Start importing Assets/Prefabs/World/MealDish.prefab using Guid(2b11cfaba261f534b8244c68d68d2f93) Importer(815301076,1909f56bfc062723c751e8b465ee728b)  -> (artifact id: '02009fd98b5732d4802a84c4a6b7ad88') in 0.068399 seconds 
========================================================================
Received Import Request.
  Time since last request: 10.976832 seconds.
  path: Assets/Prefabs/World/MealDish.prefab
  artifactKey: Guid(2b11cfaba261f534b8244c68d68d2f93) Importer(815301076,1909f56bfc062723c751e8b465ee728b)
Start importing Assets/Prefabs/World/MealDish.prefab using Guid(2b11cfaba261f534b8244c68d68d2f93) Importer(815301076,1909f56bfc062723c751e8b465ee728b)  -> (artifact id: '25a0a025ed5bf4089a8249a111b0e5d8') in 0.071979 seconds 
========================================================================
Received Import Request.
  Time since last request: 9.159756 seconds.
  path: Assets/Prefabs/World/MealDish.prefab
  artifactKey: Guid(2b11cfaba261f534b8244c68d68d2f93) Importer(815301076,1909f56bfc062723c751e8b465ee728b)
Start importing Assets/Prefabs/World/MealDish.prefab using Guid(2b11cfaba261f534b8244c68d68d2f93) Importer(815301076,1909f56bfc062723c751e8b465ee728b)  -> (artifact id: 'f09893506be1bba24f447351da7a860a') in 0.066514 seconds 
========================================================================
Received Import Request.
  Time since last request: 0.726789 seconds.
  path: Assets/Prefabs/World/MealDish.prefab
  artifactKey: Guid(2b11cfaba261f534b8244c68d68d2f93) Importer(815301076,1909f56bfc062723c751e8b465ee728b)
Start importing Assets/Prefabs/World/MealDish.prefab using Guid(2b11cfaba261f534b8244c68d68d2f93) Importer(815301076,1909f56bfc062723c751e8b465ee728b)  -> (artifact id: '8680f89bd882cde9cb89a02195893392') in 0.067413 seconds 
========================================================================
Received Import Request.
  Time since last request: 2.364686 seconds.
  path: Assets/Prefabs/World/MealDish.prefab
  artifactKey: Guid(2b11cfaba261f534b8244c68d68d2f93) Importer(815301076,1909f56bfc062723c751e8b465ee728b)
Start importing Assets/Prefabs/World/MealDish.prefab using Guid(2b11cfaba261f534b8244c68d68d2f93) Importer(815301076,1909f56bfc062723c751e8b465ee728b)  -> (artifact id: '8f20fa19ffe59c935843cebe0d8163a5') in 0.071922 seconds 
========================================================================
Received Import Request.
  Time since last request: 19.998737 seconds.
  path: Assets/Prefabs/World/MealDish.prefab
  artifactKey: Guid(2b11cfaba261f534b8244c68d68d2f93) Importer(815301076,1909f56bfc062723c751e8b465ee728b)
Start importing Assets/Prefabs/World/MealDish.prefab using Guid(2b11cfaba261f534b8244c68d68d2f93) Importer(815301076,1909f56bfc062723c751e8b465ee728b)  -> (artifact id: 'bf876f2339e9f2058b16e575e5b9379f') in 0.068310 seconds 
========================================================================
Received Import Request.
  Time since last request: 7.434205 seconds.
  path: Assets/Prefabs/World/MealDish.prefab
  artifactKey: Guid(2b11cfaba261f534b8244c68d68d2f93) Importer(815301076,1909f56bfc062723c751e8b465ee728b)
Start importing Assets/Prefabs/World/MealDish.prefab using Guid(2b11cfaba261f534b8244c68d68d2f93) Importer(815301076,1909f56bfc062723c751e8b465ee728b)  -> (artifact id: '9a59fe1e1cca843509af94ad4da6132b') in 0.066855 seconds 
========================================================================
Received Import Request.
  Time since last request: 6.558601 seconds.
  path: Assets/Prefabs/World/MealDish.prefab
  artifactKey: Guid(2b11cfaba261f534b8244c68d68d2f93) Importer(815301076,1909f56bfc062723c751e8b465ee728b)
Start importing Assets/Prefabs/World/MealDish.prefab using Guid(2b11cfaba261f534b8244c68d68d2f93) Importer(815301076,1909f56bfc062723c751e8b465ee728b)  -> (artifact id: '48c96bc1dcc8413cc781d88085cf44c6') in 0.067283 seconds 
========================================================================
Received Import Request.
  Time since last request: 6.886613 seconds.
  path: Assets/Prefabs/World/MealDish.prefab
  artifactKey: Guid(2b11cfaba261f534b8244c68d68d2f93) Importer(815301076,1909f56bfc062723c751e8b465ee728b)
Start importing Assets/Prefabs/World/MealDish.prefab using Guid(2b11cfaba261f534b8244c68d68d2f93) Importer(815301076,1909f56bfc062723c751e8b465ee728b)  -> (artifact id: '0e0305e35bce70bb9d0ad2de9c724b52') in 0.066942 seconds 
========================================================================
Received Import Request.
  Time since last request: 3.985242 seconds.
  path: Assets/Prefabs/World/MealDish.prefab
  artifactKey: Guid(2b11cfaba261f534b8244c68d68d2f93) Importer(815301076,1909f56bfc062723c751e8b465ee728b)
Start importing Assets/Prefabs/World/MealDish.prefab using Guid(2b11cfaba261f534b8244c68d68d2f93) Importer(815301076,1909f56bfc062723c751e8b465ee728b)  -> (artifact id: '8f9b5ed301fe1e32678ce53c21b5376d') in 0.062930 seconds 
========================================================================
Received Import Request.
  Time since last request: 2.179318 seconds.
  path: Assets/Prefabs/World/MealDish.prefab
  artifactKey: Guid(2b11cfaba261f534b8244c68d68d2f93) Importer(815301076,1909f56bfc062723c751e8b465ee728b)
Start importing Assets/Prefabs/World/MealDish.prefab using Guid(2b11cfaba261f534b8244c68d68d2f93) Importer(815301076,1909f56bfc062723c751e8b465ee728b)  -> (artifact id: '898150d898c43503eb962a2ccc5848d4') in 0.067525 seconds 
========================================================================
Received Import Request.
  Time since last request: 11.024207 seconds.
  path: Assets/Prefabs/World/MealDish.prefab
  artifactKey: Guid(2b11cfaba261f534b8244c68d68d2f93) Importer(815301076,1909f56bfc062723c751e8b465ee728b)
Start importing Assets/Prefabs/World/MealDish.prefab using Guid(2b11cfaba261f534b8244c68d68d2f93) Importer(815301076,1909f56bfc062723c751e8b465ee728b)  -> (artifact id: 'c647e63dfc13c136598169e722b1abba') in 0.065396 seconds 
========================================================================
Received Import Request.
  Time since last request: 3.016636 seconds.
  path: Assets/Prefabs/World/MealDish.prefab
  artifactKey: Guid(2b11cfaba261f534b8244c68d68d2f93) Importer(815301076,1909f56bfc062723c751e8b465ee728b)
Start importing Assets/Prefabs/World/MealDish.prefab using Guid(2b11cfaba261f534b8244c68d68d2f93) Importer(815301076,1909f56bfc062723c751e8b465ee728b)  -> (artifact id: '28081f9fd4181b4bd4e7bd805226bdeb') in 0.070412 seconds 
========================================================================
Received Import Request.
  Time since last request: 0.954081 seconds.
  path: Assets/Prefabs/World/MealDish.prefab
  artifactKey: Guid(2b11cfaba261f534b8244c68d68d2f93) Importer(815301076,1909f56bfc062723c751e8b465ee728b)
Start importing Assets/Prefabs/World/MealDish.prefab using Guid(2b11cfaba261f534b8244c68d68d2f93) Importer(815301076,1909f56bfc062723c751e8b465ee728b)  -> (artifact id: '3b6961b6bf1689cafa2a26a8864fe614') in 0.070554 seconds 
========================================================================
Received Import Request.
  Time since last request: 0.766518 seconds.
  path: Assets/Prefabs/World/MealDish.prefab
  artifactKey: Guid(2b11cfaba261f534b8244c68d68d2f93) Importer(815301076,1909f56bfc062723c751e8b465ee728b)
Start importing Assets/Prefabs/World/MealDish.prefab using Guid(2b11cfaba261f534b8244c68d68d2f93) Importer(815301076,1909f56bfc062723c751e8b465ee728b)  -> (artifact id: '2081faa053ce53ed72d06ae84cb7181e') in 0.068023 seconds 
========================================================================
Received Import Request.
  Time since last request: 0.767056 seconds.
  path: Assets/Prefabs/World/MealDish.prefab
  artifactKey: Guid(2b11cfaba261f534b8244c68d68d2f93) Importer(815301076,1909f56bfc062723c751e8b465ee728b)
Start importing Assets/Prefabs/World/MealDish.prefab using Guid(2b11cfaba261f534b8244c68d68d2f93) Importer(815301076,1909f56bfc062723c751e8b465ee728b)  -> (artifact id: '3619f329b8d881a718bc00db057e6bec') in 0.069852 seconds 
========================================================================
Received Import Request.
  Time since last request: 19.240826 seconds.
  path: Assets/Prefabs/World/MealDish.prefab
  artifactKey: Guid(2b11cfaba261f534b8244c68d68d2f93) Importer(815301076,1909f56bfc062723c751e8b465ee728b)
Start importing Assets/Prefabs/World/MealDish.prefab using Guid(2b11cfaba261f534b8244c68d68d2f93) Importer(815301076,1909f56bfc062723c751e8b465ee728b)  -> (artifact id: '63e8df6d369a4f5ea6f146f83125a3a3') in 0.066978 seconds 
========================================================================
Received Import Request.
  Time since last request: 0.960588 seconds.
  path: Assets/Prefabs/World/MealDish.prefab
  artifactKey: Guid(2b11cfaba261f534b8244c68d68d2f93) Importer(815301076,1909f56bfc062723c751e8b465ee728b)
Start importing Assets/Prefabs/World/MealDish.prefab using Guid(2b11cfaba261f534b8244c68d68d2f93) Importer(815301076,1909f56bfc062723c751e8b465ee728b)  -> (artifact id: 'e5423aa98e0090c7129bed12ec8b1e25') in 0.067586 seconds 
========================================================================
Received Import Request.
  Time since last request: 1.205257 seconds.
  path: Assets/Prefabs/World/MealDish.prefab
  artifactKey: Guid(2b11cfaba261f534b8244c68d68d2f93) Importer(815301076,1909f56bfc062723c751e8b465ee728b)
Start importing Assets/Prefabs/World/MealDish.prefab using Guid(2b11cfaba261f534b8244c68d68d2f93) Importer(815301076,1909f56bfc062723c751e8b465ee728b)  -> (artifact id: '7768cc8e24630d4dc0b395b6a7764507') in 0.064547 seconds 
========================================================================
Received Import Request.
  Time since last request: 7.337431 seconds.
  path: Assets/Prefabs/World/MealDish.prefab
  artifactKey: Guid(2b11cfaba261f534b8244c68d68d2f93) Importer(815301076,1909f56bfc062723c751e8b465ee728b)
Start importing Assets/Prefabs/World/MealDish.prefab using Guid(2b11cfaba261f534b8244c68d68d2f93) Importer(815301076,1909f56bfc062723c751e8b465ee728b)  -> (artifact id: '680b0c8b61ce7b323b3076b84118e43e') in 0.071347 seconds 
========================================================================
Received Import Request.
  Time since last request: 15.280538 seconds.
  path: Assets/Models/Soup/Soup_MAT_6.mat
  artifactKey: Guid(a29bf1740d2e56544a680fe84fb180f2) Importer(815301076,1909f56bfc062723c751e8b465ee728b)
Start importing Assets/Models/Soup/Soup_MAT_6.mat using Guid(a29bf1740d2e56544a680fe84fb180f2) Importer(815301076,1909f56bfc062723c751e8b465ee728b)  -> (artifact id: '44bddf7e139ad26cfacf2f73b65ba13e') in 0.049164 seconds 
========================================================================
Received Import Request.
  Time since last request: 0.000034 seconds.
  path: Assets/Models/Soup/Soup_MAT_5.mat
  artifactKey: Guid(9723329c574c9754aa84109e27c8870d) Importer(815301076,1909f56bfc062723c751e8b465ee728b)
Start importing Assets/Models/Soup/Soup_MAT_5.mat using Guid(9723329c574c9754aa84109e27c8870d) Importer(815301076,1909f56bfc062723c751e8b465ee728b)  -> (artifact id: '3b74374c937ce13757309297e53b533a') in 0.014861 seconds 
========================================================================
Received Import Request.
  Time since last request: 0.148796 seconds.
  path: Assets/Models/Soup/Soup_MAT_2.mat
  artifactKey: Guid(4890c8255dc6b5241927320f527214d1) Importer(815301076,1909f56bfc062723c751e8b465ee728b)
Start importing Assets/Models/Soup/Soup_MAT_2.mat using Guid(4890c8255dc6b5241927320f527214d1) Importer(815301076,1909f56bfc062723c751e8b465ee728b)  -> (artifact id: '9fda19852ff63f4c276e36317d83a8fb') in 0.014414 seconds 
========================================================================
Received Import Request.
  Time since last request: 0.000037 seconds.
  path: Assets/Models/Soup/Soup_MAT_1.mat
  artifactKey: Guid(d2b5d1dbc4c952c49ac7070fb15198e4) Importer(815301076,1909f56bfc062723c751e8b465ee728b)
Start importing Assets/Models/Soup/Soup_MAT_1.mat using Guid(d2b5d1dbc4c952c49ac7070fb15198e4) Importer(815301076,1909f56bfc062723c751e8b465ee728b)  -> (artifact id: '575a68d615d76823ffa9ab11d8c6fb8e') in 0.016170 seconds 
========================================================================
Received Import Request.
  Time since last request: 0.018004 seconds.
  path: Assets/Models/Salad Bowl/Salad_MAT_3.mat
  artifactKey: Guid(5ea01ff752ed27744a34f48c3dc12d51) Importer(815301076,1909f56bfc062723c751e8b465ee728b)
Start importing Assets/Models/Salad Bowl/Salad_MAT_3.mat using Guid(5ea01ff752ed27744a34f48c3dc12d51) Importer(815301076,1909f56bfc062723c751e8b465ee728b)  -> (artifact id: '05237863f0251acffd001b0e722cb828') in 0.015322 seconds 
========================================================================
Received Import Request.
  Time since last request: 0.019984 seconds.
  path: Assets/Models/Salad Bowl/Salad_MAT_2.mat
  artifactKey: Guid(bad3794c6faaf7f42b37e213a68d126b) Importer(815301076,1909f56bfc062723c751e8b465ee728b)
Start importing Assets/Models/Salad Bowl/Salad_MAT_2.mat using Guid(bad3794c6faaf7f42b37e213a68d126b) Importer(815301076,1909f56bfc062723c751e8b465ee728b)  -> (artifact id: 'd2ce8e02d2cdb96b42d3e733a1449b8a') in 0.013866 seconds 
========================================================================
Received Import Request.
  Time since last request: 0.193181 seconds.
  path: Assets/FXIFIED/common/Extras/MAT_Grid.mat
  artifactKey: Guid(c7ba6c137abbf434f84f3a0b5c2559c9) Importer(815301076,1909f56bfc062723c751e8b465ee728b)
Start importing Assets/FXIFIED/common/Extras/MAT_Grid.mat using Guid(c7ba6c137abbf434f84f3a0b5c2559c9) Importer(815301076,1909f56bfc062723c751e8b465ee728b)  -> (artifact id: '7bb0ee00a107bc520f74b7acd5265550') in 0.022079 seconds 
========================================================================
Received Import Request.
  Time since last request: 0.216362 seconds.
  path: Assets/TextMesh Pro/Resources/Fonts & Materials/LiberationSans SDF - Fallback.asset
  artifactKey: Guid(2e498d1c8094910479dc3e1b768306a4) Importer(815301076,1909f56bfc062723c751e8b465ee728b)
Start importing Assets/TextMesh Pro/Resources/Fonts & Materials/LiberationSans SDF - Fallback.asset using Guid(2e498d1c8094910479dc3e1b768306a4) Importer(815301076,1909f56bfc062723c751e8b465ee728b)  -> (artifact id: '4440bd26376cb861778def3ca10b8de0') in 0.081344 seconds 
========================================================================
Received Import Request.
  Time since last request: 4.652304 seconds.
  path: Assets/Prefabs/World/MealDish.prefab
  artifactKey: Guid(2b11cfaba261f534b8244c68d68d2f93) Importer(815301076,1909f56bfc062723c751e8b465ee728b)
Start importing Assets/Prefabs/World/MealDish.prefab using Guid(2b11cfaba261f534b8244c68d68d2f93) Importer(815301076,1909f56bfc062723c751e8b465ee728b)  -> (artifact id: '3a2c74c039ace962f1b2812466109a7b') in 0.064818 seconds 
========================================================================
Received Prepare
Registering precompiled user dll's ...
Registered in 0.013935 seconds.
Begin MonoManager ReloadAssembly
Symbol file LoadedFromMemory doesn't match image D:\GitHub\Connectinno\Connectinno\Library\PackageCache\com.unity.visualscripting@1.7.8\Editor\VisualScripting.Core\Dependencies\YamlDotNet\Unity.VisualScripting.YamlDotNet.dll
Symbol file LoadedFromMemory doesn't match image D:\GitHub\Connectinno\Connectinno\Library\PackageCache\com.unity.visualscripting@1.7.8\Editor\VisualScripting.Core\Dependencies\DotNetZip\Unity.VisualScripting.IonicZip.dll
Native extension for WindowsStandalone target not found
Native extension for Android target not found
Native extension for WebGL target not found
Refreshing native plugins compatible for Editor in 1.32 ms, found 3 plugins.
Preloading 0 native plugins for Editor in 0.00 ms.
Mono: successfully reloaded assembly
- Completed reload, in  1.932 seconds
Domain Reload Profiling:
	ReloadAssembly (1933ms)
		BeginReloadAssembly (289ms)
			ExecutionOrderSort (0ms)
			DisableScriptedObjects (8ms)
			BackupInstance (0ms)
			ReleaseScriptingObjects (0ms)
			CreateAndSetChildDomain (69ms)
		EndReloadAssembly (1456ms)
			LoadAssemblies (209ms)
			RebuildTransferFunctionScriptingTraits (0ms)
			SetupTypeCache (510ms)
			ReleaseScriptCaches (2ms)
			RebuildScriptCaches (78ms)
			SetupLoadedEditorAssemblies (599ms)
				LogAssemblyErrors (0ms)
				InitializePlatformSupportModulesInManaged (50ms)
				SetLoadedEditorAssemblies (1ms)
				RefreshPlugins (1ms)
				BeforeProcessingInitializeOnLoad (127ms)
				ProcessInitializeOnLoadAttributes (353ms)
				ProcessInitializeOnLoadMethodAttributes (46ms)
				AfterProcessingInitializeOnLoad (20ms)
				EditorAssembliesLoaded (0ms)
			ExecutionOrderSort2 (0ms)
			AwakeInstancesAfterBackupRestoration (12ms)
Platform modules already initialized, skipping
Refreshing native plugins compatible for Editor in 4.40 ms, found 3 plugins.
Preloading 0 native plugins for Editor in 0.00 ms.
Unloading 3501 Unused Serialized files (Serialized files now loaded: 0)
Unloading 40 unused Assets / (1.3 MB). Loaded Objects now: 4048.
Memory consumption went from 134.9 MB to 133.6 MB.
Total: 6.748500 ms (FindLiveObjects: 0.398500 ms CreateObjectMapping: 0.330300 ms MarkObjects: 5.601600 ms  DeleteObjects: 0.416800 ms)

AssetImportParameters requested are different than current active one (requested -> active):
  custom:video-decoder-ogg-theora: a1e56fd34408186e4bbccfd4996cb3dc -> 
  custom:container-muxer-webm: aa71ff27fc2769a1b78a27578f13a17b -> 
  custom:container-demuxer-webm: 4f35f7cbe854078d1ac9338744f61a02 -> 
  custom:video-encoder-webm-vp8: eb34c28f22e8b96e1ab97ce403110664 -> 
  custom:audio-encoder-webm-vorbis: bf7c407c2cedff20999df2af8eb42d56 -> 
  custom:framework-win-MediaFoundation: 216162199b28c13a410421893ffa2e32 -> 
  custom:container-demuxer-ogg: 62fdf1f143b41e24485cea50d1cbac27 -> 
  custom:video-decoder-webm-vp8: 9c59270c3fd7afecdb556c50c9e8de78 -> 
  custom:audio-decoder-ogg-vorbis: bf7c407c2cedff20999df2af8eb42d56 -> 
========================================================================
Received Prepare
Registering precompiled user dll's ...
Registered in 0.014199 seconds.
Begin MonoManager ReloadAssembly
Symbol file LoadedFromMemory doesn't match image D:\GitHub\Connectinno\Connectinno\Library\PackageCache\com.unity.visualscripting@1.7.8\Editor\VisualScripting.Core\Dependencies\YamlDotNet\Unity.VisualScripting.YamlDotNet.dll
Symbol file LoadedFromMemory doesn't match image D:\GitHub\Connectinno\Connectinno\Library\PackageCache\com.unity.visualscripting@1.7.8\Editor\VisualScripting.Core\Dependencies\DotNetZip\Unity.VisualScripting.IonicZip.dll
Native extension for WindowsStandalone target not found
Native extension for Android target not found
Native extension for WebGL target not found
Refreshing native plugins compatible for Editor in 1.68 ms, found 3 plugins.
Preloading 0 native plugins for Editor in 0.00 ms.
Mono: successfully reloaded assembly
- Completed reload, in  2.108 seconds
Domain Reload Profiling:
	ReloadAssembly (2109ms)
		BeginReloadAssembly (251ms)
			ExecutionOrderSort (0ms)
			DisableScriptedObjects (10ms)
			BackupInstance (0ms)
			ReleaseScriptingObjects (0ms)
			CreateAndSetChildDomain (59ms)
		EndReloadAssembly (1667ms)
			LoadAssemblies (174ms)
			RebuildTransferFunctionScriptingTraits (0ms)
			SetupTypeCache (543ms)
			ReleaseScriptCaches (2ms)
			RebuildScriptCaches (91ms)
			SetupLoadedEditorAssemblies (750ms)
				LogAssemblyErrors (0ms)
				InitializePlatformSupportModulesInManaged (53ms)
				SetLoadedEditorAssemblies (1ms)
				RefreshPlugins (2ms)
				BeforeProcessingInitializeOnLoad (149ms)
				ProcessInitializeOnLoadAttributes (457ms)
				ProcessInitializeOnLoadMethodAttributes (61ms)
				AfterProcessingInitializeOnLoad (27ms)
				EditorAssembliesLoaded (0ms)
			ExecutionOrderSort2 (0ms)
			AwakeInstancesAfterBackupRestoration (19ms)
Platform modules already initialized, skipping
Refreshing native plugins compatible for Editor in 6.18 ms, found 3 plugins.
Preloading 0 native plugins for Editor in 0.00 ms.
Unloading 3501 Unused Serialized files (Serialized files now loaded: 0)
Unloading 35 unused Assets / (1.3 MB). Loaded Objects now: 4051.
Memory consumption went from 134.9 MB to 133.6 MB.
Total: 4.632700 ms (FindLiveObjects: 0.388400 ms CreateObjectMapping: 0.203900 ms MarkObjects: 3.649800 ms  DeleteObjects: 0.388700 ms)

AssetImportParameters requested are different than current active one (requested -> active):
  custom:video-decoder-ogg-theora: a1e56fd34408186e4bbccfd4996cb3dc -> 
  custom:container-muxer-webm: aa71ff27fc2769a1b78a27578f13a17b -> 
  custom:container-demuxer-webm: 4f35f7cbe854078d1ac9338744f61a02 -> 
  custom:video-encoder-webm-vp8: eb34c28f22e8b96e1ab97ce403110664 -> 
  custom:audio-encoder-webm-vorbis: bf7c407c2cedff20999df2af8eb42d56 -> 
  custom:framework-win-MediaFoundation: 216162199b28c13a410421893ffa2e32 -> 
  custom:container-demuxer-ogg: 62fdf1f143b41e24485cea50d1cbac27 -> 
  custom:video-decoder-webm-vp8: 9c59270c3fd7afecdb556c50c9e8de78 -> 
  custom:audio-decoder-ogg-vorbis: bf7c407c2cedff20999df2af8eb42d56 -> 
========================================================================
Received Prepare
Registering precompiled user dll's ...
Registered in 0.014537 seconds.
Begin MonoManager ReloadAssembly
Symbol file LoadedFromMemory doesn't match image D:\GitHub\Connectinno\Connectinno\Library\PackageCache\com.unity.visualscripting@1.7.8\Editor\VisualScripting.Core\Dependencies\YamlDotNet\Unity.VisualScripting.YamlDotNet.dll
Symbol file LoadedFromMemory doesn't match image D:\GitHub\Connectinno\Connectinno\Library\PackageCache\com.unity.visualscripting@1.7.8\Editor\VisualScripting.Core\Dependencies\DotNetZip\Unity.VisualScripting.IonicZip.dll
Native extension for WindowsStandalone target not found
Native extension for Android target not found
Native extension for WebGL target not found
Refreshing native plugins compatible for Editor in 1.39 ms, found 3 plugins.
Preloading 0 native plugins for Editor in 0.00 ms.
Mono: successfully reloaded assembly
- Completed reload, in  2.171 seconds
Domain Reload Profiling:
	ReloadAssembly (2172ms)
		BeginReloadAssembly (234ms)
			ExecutionOrderSort (0ms)
			DisableScriptedObjects (9ms)
			BackupInstance (0ms)
			ReleaseScriptingObjects (0ms)
			CreateAndSetChildDomain (61ms)
		EndReloadAssembly (1721ms)
			LoadAssemblies (163ms)
			RebuildTransferFunctionScriptingTraits (0ms)
			SetupTypeCache (568ms)
			ReleaseScriptCaches (3ms)
			RebuildScriptCaches (97ms)
			SetupLoadedEditorAssemblies (738ms)
				LogAssemblyErrors (0ms)
				InitializePlatformSupportModulesInManaged (55ms)
				SetLoadedEditorAssemblies (1ms)
				RefreshPlugins (2ms)
				BeforeProcessingInitializeOnLoad (149ms)
				ProcessInitializeOnLoadAttributes (439ms)
				ProcessInitializeOnLoadMethodAttributes (60ms)
				AfterProcessingInitializeOnLoad (31ms)
				EditorAssembliesLoaded (0ms)
			ExecutionOrderSort2 (0ms)
			AwakeInstancesAfterBackupRestoration (13ms)
Platform modules already initialized, skipping
Refreshing native plugins compatible for Editor in 5.98 ms, found 3 plugins.
Preloading 0 native plugins for Editor in 0.00 ms.
Unloading 3501 Unused Serialized files (Serialized files now loaded: 0)
Unloading 35 unused Assets / (1.3 MB). Loaded Objects now: 4054.
Memory consumption went from 134.9 MB to 133.6 MB.
Total: 5.368000 ms (FindLiveObjects: 0.393100 ms CreateObjectMapping: 0.217500 ms MarkObjects: 4.278800 ms  DeleteObjects: 0.476900 ms)

AssetImportParameters requested are different than current active one (requested -> active):
  custom:video-decoder-ogg-theora: a1e56fd34408186e4bbccfd4996cb3dc -> 
  custom:container-muxer-webm: aa71ff27fc2769a1b78a27578f13a17b -> 
  custom:container-demuxer-webm: 4f35f7cbe854078d1ac9338744f61a02 -> 
  custom:video-encoder-webm-vp8: eb34c28f22e8b96e1ab97ce403110664 -> 
  custom:audio-encoder-webm-vorbis: bf7c407c2cedff20999df2af8eb42d56 -> 
  custom:framework-win-MediaFoundation: 216162199b28c13a410421893ffa2e32 -> 
  custom:container-demuxer-ogg: 62fdf1f143b41e24485cea50d1cbac27 -> 
  custom:video-decoder-webm-vp8: 9c59270c3fd7afecdb556c50c9e8de78 -> 
  custom:audio-decoder-ogg-vorbis: bf7c407c2cedff20999df2af8eb42d56 -> 
========================================================================
Received Prepare
Registering precompiled user dll's ...
Registered in 0.017406 seconds.
Begin MonoManager ReloadAssembly
Symbol file LoadedFromMemory doesn't match image D:\GitHub\Connectinno\Connectinno\Library\PackageCache\com.unity.visualscripting@1.7.8\Editor\VisualScripting.Core\Dependencies\YamlDotNet\Unity.VisualScripting.YamlDotNet.dll
Symbol file LoadedFromMemory doesn't match image D:\GitHub\Connectinno\Connectinno\Library\PackageCache\com.unity.visualscripting@1.7.8\Editor\VisualScripting.Core\Dependencies\DotNetZip\Unity.VisualScripting.IonicZip.dll
Native extension for WindowsStandalone target not found
Native extension for Android target not found
Native extension for WebGL target not found
Refreshing native plugins compatible for Editor in 1.17 ms, found 3 plugins.
Preloading 0 native plugins for Editor in 0.00 ms.
Mono: successfully reloaded assembly
- Completed reload, in  2.565 seconds
Domain Reload Profiling:
	ReloadAssembly (2566ms)
		BeginReloadAssembly (253ms)
			ExecutionOrderSort (0ms)
			DisableScriptedObjects (9ms)
			BackupInstance (0ms)
			ReleaseScriptingObjects (0ms)
			CreateAndSetChildDomain (66ms)
		EndReloadAssembly (2101ms)
			LoadAssemblies (178ms)
			RebuildTransferFunctionScriptingTraits (0ms)
			SetupTypeCache (1031ms)
			ReleaseScriptCaches (2ms)
			RebuildScriptCaches (100ms)
			SetupLoadedEditorAssemblies (687ms)
				LogAssemblyErrors (0ms)
				InitializePlatformSupportModulesInManaged (43ms)
				SetLoadedEditorAssemblies (1ms)
				RefreshPlugins (1ms)
				BeforeProcessingInitializeOnLoad (148ms)
				ProcessInitializeOnLoadAttributes (401ms)
				ProcessInitializeOnLoadMethodAttributes (64ms)
				AfterProcessingInitializeOnLoad (28ms)
				EditorAssembliesLoaded (0ms)
			ExecutionOrderSort2 (0ms)
			AwakeInstancesAfterBackupRestoration (13ms)
Platform modules already initialized, skipping
Refreshing native plugins compatible for Editor in 5.17 ms, found 3 plugins.
Preloading 0 native plugins for Editor in 0.00 ms.
Unloading 3501 Unused Serialized files (Serialized files now loaded: 0)
Unloading 35 unused Assets / (1.3 MB). Loaded Objects now: 4057.
Memory consumption went from 134.9 MB to 133.6 MB.
Total: 5.239500 ms (FindLiveObjects: 0.393600 ms CreateObjectMapping: 0.218400 ms MarkObjects: 4.216900 ms  DeleteObjects: 0.409300 ms)

AssetImportParameters requested are different than current active one (requested -> active):
  custom:video-decoder-ogg-theora: a1e56fd34408186e4bbccfd4996cb3dc -> 
  custom:container-muxer-webm: aa71ff27fc2769a1b78a27578f13a17b -> 
  custom:container-demuxer-webm: 4f35f7cbe854078d1ac9338744f61a02 -> 
  custom:video-encoder-webm-vp8: eb34c28f22e8b96e1ab97ce403110664 -> 
  custom:audio-encoder-webm-vorbis: bf7c407c2cedff20999df2af8eb42d56 -> 
  custom:framework-win-MediaFoundation: 216162199b28c13a410421893ffa2e32 -> 
  custom:container-demuxer-ogg: 62fdf1f143b41e24485cea50d1cbac27 -> 
  custom:video-decoder-webm-vp8: 9c59270c3fd7afecdb556c50c9e8de78 -> 
  custom:audio-decoder-ogg-vorbis: bf7c407c2cedff20999df2af8eb42d56 -> 
========================================================================
Received Prepare
Registering precompiled user dll's ...
Registered in 0.016676 seconds.
Begin MonoManager ReloadAssembly
Symbol file LoadedFromMemory doesn't match image D:\GitHub\Connectinno\Connectinno\Library\PackageCache\com.unity.visualscripting@1.7.8\Editor\VisualScripting.Core\Dependencies\YamlDotNet\Unity.VisualScripting.YamlDotNet.dll
Symbol file LoadedFromMemory doesn't match image D:\GitHub\Connectinno\Connectinno\Library\PackageCache\com.unity.visualscripting@1.7.8\Editor\VisualScripting.Core\Dependencies\DotNetZip\Unity.VisualScripting.IonicZip.dll
Native extension for WindowsStandalone target not found
Native extension for Android target not found
Native extension for WebGL target not found
Refreshing native plugins compatible for Editor in 0.86 ms, found 3 plugins.
Preloading 0 native plugins for Editor in 0.00 ms.
Mono: successfully reloaded assembly
- Completed reload, in  1.780 seconds
Domain Reload Profiling:
	ReloadAssembly (1781ms)
		BeginReloadAssembly (248ms)
			ExecutionOrderSort (0ms)
			DisableScriptedObjects (9ms)
			BackupInstance (0ms)
			ReleaseScriptingObjects (0ms)
			CreateAndSetChildDomain (66ms)
		EndReloadAssembly (1326ms)
			LoadAssemblies (172ms)
			RebuildTransferFunctionScriptingTraits (0ms)
			SetupTypeCache (472ms)
			ReleaseScriptCaches (2ms)
			RebuildScriptCaches (68ms)
			SetupLoadedEditorAssemblies (556ms)
				LogAssemblyErrors (0ms)
				InitializePlatformSupportModulesInManaged (39ms)
				SetLoadedEditorAssemblies (1ms)
				RefreshPlugins (1ms)
				BeforeProcessingInitializeOnLoad (112ms)
				ProcessInitializeOnLoadAttributes (337ms)
				ProcessInitializeOnLoadMethodAttributes (45ms)
				AfterProcessingInitializeOnLoad (21ms)
				EditorAssembliesLoaded (0ms)
			ExecutionOrderSort2 (0ms)
			AwakeInstancesAfterBackupRestoration (10ms)
Platform modules already initialized, skipping
Refreshing native plugins compatible for Editor in 3.48 ms, found 3 plugins.
Preloading 0 native plugins for Editor in 0.00 ms.
Unloading 3501 Unused Serialized files (Serialized files now loaded: 0)
Unloading 35 unused Assets / (1.3 MB). Loaded Objects now: 4060.
Memory consumption went from 134.9 MB to 133.6 MB.
Total: 4.773300 ms (FindLiveObjects: 0.389100 ms CreateObjectMapping: 0.179700 ms MarkObjects: 3.859300 ms  DeleteObjects: 0.344100 ms)

AssetImportParameters requested are different than current active one (requested -> active):
  custom:video-decoder-ogg-theora: a1e56fd34408186e4bbccfd4996cb3dc -> 
  custom:container-muxer-webm: aa71ff27fc2769a1b78a27578f13a17b -> 
  custom:container-demuxer-webm: 4f35f7cbe854078d1ac9338744f61a02 -> 
  custom:video-encoder-webm-vp8: eb34c28f22e8b96e1ab97ce403110664 -> 
  custom:audio-encoder-webm-vorbis: bf7c407c2cedff20999df2af8eb42d56 -> 
  custom:framework-win-MediaFoundation: 216162199b28c13a410421893ffa2e32 -> 
  custom:container-demuxer-ogg: 62fdf1f143b41e24485cea50d1cbac27 -> 
  custom:video-decoder-webm-vp8: 9c59270c3fd7afecdb556c50c9e8de78 -> 
  custom:audio-decoder-ogg-vorbis: bf7c407c2cedff20999df2af8eb42d56 -> 
========================================================================
Received Prepare
Registering precompiled user dll's ...
Registered in 0.015294 seconds.
Begin MonoManager ReloadAssembly
Symbol file LoadedFromMemory doesn't match image D:\GitHub\Connectinno\Connectinno\Library\PackageCache\com.unity.visualscripting@1.7.8\Editor\VisualScripting.Core\Dependencies\YamlDotNet\Unity.VisualScripting.YamlDotNet.dll
Symbol file LoadedFromMemory doesn't match image D:\GitHub\Connectinno\Connectinno\Library\PackageCache\com.unity.visualscripting@1.7.8\Editor\VisualScripting.Core\Dependencies\DotNetZip\Unity.VisualScripting.IonicZip.dll
Native extension for WindowsStandalone target not found
Native extension for Android target not found
Native extension for WebGL target not found
Refreshing native plugins compatible for Editor in 1.44 ms, found 3 plugins.
Preloading 0 native plugins for Editor in 0.00 ms.
Mono: successfully reloaded assembly
- Completed reload, in  2.105 seconds
Domain Reload Profiling:
	ReloadAssembly (2107ms)
		BeginReloadAssembly (239ms)
			ExecutionOrderSort (0ms)
			DisableScriptedObjects (9ms)
			BackupInstance (0ms)
			ReleaseScriptingObjects (0ms)
			CreateAndSetChildDomain (70ms)
		EndReloadAssembly (1638ms)
			LoadAssemblies (158ms)
			RebuildTransferFunctionScriptingTraits (0ms)
			SetupTypeCache (517ms)
			ReleaseScriptCaches (2ms)
			RebuildScriptCaches (90ms)
			SetupLoadedEditorAssemblies (746ms)
				LogAssemblyErrors (0ms)
				InitializePlatformSupportModulesInManaged (52ms)
				SetLoadedEditorAssemblies (1ms)
				RefreshPlugins (2ms)
				BeforeProcessingInitializeOnLoad (151ms)
				ProcessInitializeOnLoadAttributes (452ms)
				ProcessInitializeOnLoadMethodAttributes (63ms)
				AfterProcessingInitializeOnLoad (25ms)
				EditorAssembliesLoaded (0ms)
			ExecutionOrderSort2 (0ms)
			AwakeInstancesAfterBackupRestoration (15ms)
Platform modules already initialized, skipping
Refreshing native plugins compatible for Editor in 4.05 ms, found 3 plugins.
Preloading 0 native plugins for Editor in 0.00 ms.
Unloading 3501 Unused Serialized files (Serialized files now loaded: 0)
Unloading 35 unused Assets / (1.3 MB). Loaded Objects now: 4063.
Memory consumption went from 135.0 MB to 133.7 MB.
Total: 5.066000 ms (FindLiveObjects: 0.380600 ms CreateObjectMapping: 0.183700 ms MarkObjects: 4.085900 ms  DeleteObjects: 0.414400 ms)

AssetImportParameters requested are different than current active one (requested -> active):
  custom:video-decoder-ogg-theora: a1e56fd34408186e4bbccfd4996cb3dc -> 
  custom:container-muxer-webm: aa71ff27fc2769a1b78a27578f13a17b -> 
  custom:container-demuxer-webm: 4f35f7cbe854078d1ac9338744f61a02 -> 
  custom:video-encoder-webm-vp8: eb34c28f22e8b96e1ab97ce403110664 -> 
  custom:audio-encoder-webm-vorbis: bf7c407c2cedff20999df2af8eb42d56 -> 
  custom:framework-win-MediaFoundation: 216162199b28c13a410421893ffa2e32 -> 
  custom:container-demuxer-ogg: 62fdf1f143b41e24485cea50d1cbac27 -> 
  custom:video-decoder-webm-vp8: 9c59270c3fd7afecdb556c50c9e8de78 -> 
  custom:audio-decoder-ogg-vorbis: bf7c407c2cedff20999df2af8eb42d56 -> 
========================================================================
Received Import Request.
  Time since last request: 216.771528 seconds.
  path: Assets/Prefabs/Ingredient/Avocado.prefab
  artifactKey: Guid(f32cfc5d33b3cba42b3246bfca101366) Importer(815301076,1909f56bfc062723c751e8b465ee728b)
Start importing Assets/Prefabs/Ingredient/Avocado.prefab using Guid(f32cfc5d33b3cba42b3246bfca101366) Importer(815301076,1909f56bfc062723c751e8b465ee728b)  -> (artifact id: 'f77144a96c07501ed3c47b81a82f59f1') in 0.107103 seconds 
========================================================================
Received Import Request.
  Time since last request: 0.000045 seconds.
  path: Assets/Prefabs/Ingredient/Sausage.prefab
  artifactKey: Guid(52124a1a4c3bc254ca9003389216ffa7) Importer(815301076,1909f56bfc062723c751e8b465ee728b)
Start importing Assets/Prefabs/Ingredient/Sausage.prefab using Guid(52124a1a4c3bc254ca9003389216ffa7) Importer(815301076,1909f56bfc062723c751e8b465ee728b)  -> (artifact id: 'c3d1435dfee1c3b08ece509b204d8c4f') in 0.027843 seconds 
========================================================================
Received Import Request.
  Time since last request: 0.000042 seconds.
  path: Assets/Prefabs/Ingredient/Tempura.prefab
  artifactKey: Guid(564945ffa93bf904fa7aa0ffef2d2d7d) Importer(815301076,1909f56bfc062723c751e8b465ee728b)
Start importing Assets/Prefabs/Ingredient/Tempura.prefab using Guid(564945ffa93bf904fa7aa0ffef2d2d7d) Importer(815301076,1909f56bfc062723c751e8b465ee728b)  -> (artifact id: 'acb72ea9d6fb60586268a790671ad96d') in 0.028763 seconds 
========================================================================
Received Import Request.
  Time since last request: 0.000040 seconds.
  path: Assets/Prefabs/Ingredient/Tomato.prefab
  artifactKey: Guid(54e55b90509e6274488bbfcb0ef0b844) Importer(815301076,1909f56bfc062723c751e8b465ee728b)
Start importing Assets/Prefabs/Ingredient/Tomato.prefab using Guid(54e55b90509e6274488bbfcb0ef0b844) Importer(815301076,1909f56bfc062723c751e8b465ee728b)  -> (artifact id: '7b34accdca21de90d26e9b6aae8d30b6') in 0.031443 seconds 
========================================================================
Received Import Request.
  Time since last request: 0.000027 seconds.
  path: Assets/Prefabs/Ingredient/SweetPepper.prefab
  artifactKey: Guid(f02253ef3598a3145b0d7f26e0ab3495) Importer(815301076,1909f56bfc062723c751e8b465ee728b)
Start importing Assets/Prefabs/Ingredient/SweetPepper.prefab using Guid(f02253ef3598a3145b0d7f26e0ab3495) Importer(815301076,1909f56bfc062723c751e8b465ee728b)  -> (artifact id: 'e7cfa35305fa8fda65504660b21b5e7e') in 0.027197 seconds 
========================================================================
Received Import Request.
  Time since last request: 0.000030 seconds.
  path: Assets/Prefabs/Ingredient/Lettuce.prefab
  artifactKey: Guid(7334c377fecc75141a6f5addd1e84eec) Importer(815301076,1909f56bfc062723c751e8b465ee728b)
Start importing Assets/Prefabs/Ingredient/Lettuce.prefab using Guid(7334c377fecc75141a6f5addd1e84eec) Importer(815301076,1909f56bfc062723c751e8b465ee728b)  -> (artifact id: '3f058a34e26c1019c74786b4aa268b6f') in 0.027577 seconds 
========================================================================
Received Import Request.
  Time since last request: 0.000040 seconds.
  path: Assets/Prefabs/Ingredient/Egg.prefab
  artifactKey: Guid(13e655d53dcb98241b0a54f974ea098f) Importer(815301076,1909f56bfc062723c751e8b465ee728b)
Start importing Assets/Prefabs/Ingredient/Egg.prefab using Guid(13e655d53dcb98241b0a54f974ea098f) Importer(815301076,1909f56bfc062723c751e8b465ee728b)  -> (artifact id: '011841a14bcbf299a327dee951948173') in 0.039133 seconds 
========================================================================
Received Import Request.
  Time since last request: 0.000051 seconds.
  path: Assets/Prefabs/Ingredient/Onion.prefab
  artifactKey: Guid(a2f8fde789afa8244989368f039606e8) Importer(815301076,1909f56bfc062723c751e8b465ee728b)
Start importing Assets/Prefabs/Ingredient/Onion.prefab using Guid(a2f8fde789afa8244989368f039606e8) Importer(815301076,1909f56bfc062723c751e8b465ee728b)  -> (artifact id: 'e1207705734b74752de3edd1a340acdd') in 0.025430 seconds 
========================================================================
Received Import Request.
  Time since last request: 0.632828 seconds.
  path: Assets/Prefabs/World/MealDish.prefab
  artifactKey: Guid(2b11cfaba261f534b8244c68d68d2f93) Importer(815301076,1909f56bfc062723c751e8b465ee728b)
Start importing Assets/Prefabs/World/MealDish.prefab using Guid(2b11cfaba261f534b8244c68d68d2f93) Importer(815301076,1909f56bfc062723c751e8b465ee728b)  -> (artifact id: '3c508072e8797305b59e4711d977a757') in 0.093670 seconds 
========================================================================
Received Import Request.
  Time since last request: 13.650414 seconds.
  path: Assets/Prefabs/World/MealDish.prefab
  artifactKey: Guid(2b11cfaba261f534b8244c68d68d2f93) Importer(815301076,1909f56bfc062723c751e8b465ee728b)
Start importing Assets/Prefabs/World/MealDish.prefab using Guid(2b11cfaba261f534b8244c68d68d2f93) Importer(815301076,1909f56bfc062723c751e8b465ee728b)  -> (artifact id: 'f40cbc23093572ee82bd5a1c879a5e33') in 0.072389 seconds 
========================================================================
Received Import Request.
  Time since last request: 7.185628 seconds.
  path: Assets/Prefabs/World/MealDish.prefab
  artifactKey: Guid(2b11cfaba261f534b8244c68d68d2f93) Importer(815301076,1909f56bfc062723c751e8b465ee728b)
Start importing Assets/Prefabs/World/MealDish.prefab using Guid(2b11cfaba261f534b8244c68d68d2f93) Importer(815301076,1909f56bfc062723c751e8b465ee728b)  -> (artifact id: 'b1d58521170c237c09015d40699e9323') in 0.072713 seconds 
========================================================================
Received Import Request.
  Time since last request: 4.379964 seconds.
  path: Assets/Prefabs/World/MealDish.prefab
  artifactKey: Guid(2b11cfaba261f534b8244c68d68d2f93) Importer(815301076,1909f56bfc062723c751e8b465ee728b)
Start importing Assets/Prefabs/World/MealDish.prefab using Guid(2b11cfaba261f534b8244c68d68d2f93) Importer(815301076,1909f56bfc062723c751e8b465ee728b)  -> (artifact id: '58ea95e1b7c16a09ef666e30a19f3912') in 0.073481 seconds 
========================================================================
Received Import Request.
  Time since last request: 0.961749 seconds.
  path: Assets/Prefabs/World/MealDish.prefab
  artifactKey: Guid(2b11cfaba261f534b8244c68d68d2f93) Importer(815301076,1909f56bfc062723c751e8b465ee728b)
Start importing Assets/Prefabs/World/MealDish.prefab using Guid(2b11cfaba261f534b8244c68d68d2f93) Importer(815301076,1909f56bfc062723c751e8b465ee728b)  -> (artifact id: '31dfc1998a3e8ef6fc003392aeebd5a7') in 0.072660 seconds 
========================================================================
Received Import Request.
  Time since last request: 9.441799 seconds.
  path: Assets/Prefabs/World/MealDish.prefab
  artifactKey: Guid(2b11cfaba261f534b8244c68d68d2f93) Importer(815301076,1909f56bfc062723c751e8b465ee728b)
Start importing Assets/Prefabs/World/MealDish.prefab using Guid(2b11cfaba261f534b8244c68d68d2f93) Importer(815301076,1909f56bfc062723c751e8b465ee728b)  -> (artifact id: 'a165a23adaf95c8566c1c7aed35a66d0') in 0.071125 seconds 
========================================================================
Received Import Request.
  Time since last request: 3.985054 seconds.
  path: Assets/Prefabs/World/MealDish.prefab
  artifactKey: Guid(2b11cfaba261f534b8244c68d68d2f93) Importer(815301076,1909f56bfc062723c751e8b465ee728b)
Start importing Assets/Prefabs/World/MealDish.prefab using Guid(2b11cfaba261f534b8244c68d68d2f93) Importer(815301076,1909f56bfc062723c751e8b465ee728b)  -> (artifact id: 'c7e26f7ba45933ff963c19584e31e2fb') in 0.069892 seconds 
========================================================================
Received Import Request.
  Time since last request: 2.598103 seconds.
  path: Assets/Prefabs/World/MealDish.prefab
  artifactKey: Guid(2b11cfaba261f534b8244c68d68d2f93) Importer(815301076,1909f56bfc062723c751e8b465ee728b)
Start importing Assets/Prefabs/World/MealDish.prefab using Guid(2b11cfaba261f534b8244c68d68d2f93) Importer(815301076,1909f56bfc062723c751e8b465ee728b)  -> (artifact id: 'b22640f882b51e3c51448ead2b9d8fc1') in 0.068605 seconds 
========================================================================
Received Import Request.
  Time since last request: 3.169101 seconds.
  path: Assets/Prefabs/World/MealDish.prefab
  artifactKey: Guid(2b11cfaba261f534b8244c68d68d2f93) Importer(815301076,1909f56bfc062723c751e8b465ee728b)
Start importing Assets/Prefabs/World/MealDish.prefab using Guid(2b11cfaba261f534b8244c68d68d2f93) Importer(815301076,1909f56bfc062723c751e8b465ee728b)  -> (artifact id: '66bf3ade8238f6c9a418631b6e3becb6') in 0.069364 seconds 
========================================================================
Received Import Request.
  Time since last request: 5.416151 seconds.
  path: Assets/Prefabs/World/MealDish.prefab
  artifactKey: Guid(2b11cfaba261f534b8244c68d68d2f93) Importer(815301076,1909f56bfc062723c751e8b465ee728b)
Start importing Assets/Prefabs/World/MealDish.prefab using Guid(2b11cfaba261f534b8244c68d68d2f93) Importer(815301076,1909f56bfc062723c751e8b465ee728b)  -> (artifact id: '6a5dea805a200404967674fa4c9e5b75') in 0.070728 seconds 
========================================================================
Received Import Request.
  Time since last request: 1.386723 seconds.
  path: Assets/Prefabs/World/MealDish.prefab
  artifactKey: Guid(2b11cfaba261f534b8244c68d68d2f93) Importer(815301076,1909f56bfc062723c751e8b465ee728b)
Start importing Assets/Prefabs/World/MealDish.prefab using Guid(2b11cfaba261f534b8244c68d68d2f93) Importer(815301076,1909f56bfc062723c751e8b465ee728b)  -> (artifact id: '6bbe3acd0f368bc68fcbf52b8eaee5ee') in 0.068913 seconds 
========================================================================
Received Import Request.
  Time since last request: 1.757138 seconds.
  path: Assets/Prefabs/World/MealDish.prefab
  artifactKey: Guid(2b11cfaba261f534b8244c68d68d2f93) Importer(815301076,1909f56bfc062723c751e8b465ee728b)
Start importing Assets/Prefabs/World/MealDish.prefab using Guid(2b11cfaba261f534b8244c68d68d2f93) Importer(815301076,1909f56bfc062723c751e8b465ee728b)  -> (artifact id: 'dfdab5fe4eb241e70bc0b2a6383f247a') in 0.068982 seconds 
========================================================================
Received Import Request.
  Time since last request: 3.757352 seconds.
  path: Assets/Prefabs/World/MealDish.prefab
  artifactKey: Guid(2b11cfaba261f534b8244c68d68d2f93) Importer(815301076,1909f56bfc062723c751e8b465ee728b)
Start importing Assets/Prefabs/World/MealDish.prefab using Guid(2b11cfaba261f534b8244c68d68d2f93) Importer(815301076,1909f56bfc062723c751e8b465ee728b)  -> (artifact id: '8663fe51e2bce6a33fec012a46689411') in 0.071753 seconds 
========================================================================
Received Import Request.
  Time since last request: 6.721785 seconds.
  path: Assets/Prefabs/World/MealDish.prefab
  artifactKey: Guid(2b11cfaba261f534b8244c68d68d2f93) Importer(815301076,1909f56bfc062723c751e8b465ee728b)
Start importing Assets/Prefabs/World/MealDish.prefab using Guid(2b11cfaba261f534b8244c68d68d2f93) Importer(815301076,1909f56bfc062723c751e8b465ee728b)  -> (artifact id: '75c0f27391404421a09b9cdb58cc2297') in 0.075865 seconds 
========================================================================
Received Import Request.
  Time since last request: 5.199427 seconds.
  path: Assets/Prefabs/World/MealDish.prefab
  artifactKey: Guid(2b11cfaba261f534b8244c68d68d2f93) Importer(815301076,1909f56bfc062723c751e8b465ee728b)
Start importing Assets/Prefabs/World/MealDish.prefab using Guid(2b11cfaba261f534b8244c68d68d2f93) Importer(815301076,1909f56bfc062723c751e8b465ee728b)  -> (artifact id: 'cd7667d73f5945abbf575bf4043484b1') in 0.073854 seconds 
========================================================================
Received Import Request.
  Time since last request: 10.326226 seconds.
  path: Assets/Prefabs/World/MealDish.prefab
  artifactKey: Guid(2b11cfaba261f534b8244c68d68d2f93) Importer(815301076,1909f56bfc062723c751e8b465ee728b)
Start importing Assets/Prefabs/World/MealDish.prefab using Guid(2b11cfaba261f534b8244c68d68d2f93) Importer(815301076,1909f56bfc062723c751e8b465ee728b)  -> (artifact id: '16e6e9aeba70eb540d6b2850a3fe80f3') in 0.070862 seconds 
========================================================================
Received Import Request.
  Time since last request: 1.332097 seconds.
  path: Assets/Prefabs/World/MealDish.prefab
  artifactKey: Guid(2b11cfaba261f534b8244c68d68d2f93) Importer(815301076,1909f56bfc062723c751e8b465ee728b)
Start importing Assets/Prefabs/World/MealDish.prefab using Guid(2b11cfaba261f534b8244c68d68d2f93) Importer(815301076,1909f56bfc062723c751e8b465ee728b)  -> (artifact id: '08b11fd14d209bc6f2072ab800472f52') in 0.072387 seconds 
========================================================================
Received Import Request.
  Time since last request: 8.567751 seconds.
  path: Assets/Prefabs/World/MealDish.prefab
  artifactKey: Guid(2b11cfaba261f534b8244c68d68d2f93) Importer(815301076,1909f56bfc062723c751e8b465ee728b)
Start importing Assets/Prefabs/World/MealDish.prefab using Guid(2b11cfaba261f534b8244c68d68d2f93) Importer(815301076,1909f56bfc062723c751e8b465ee728b)  -> (artifact id: 'e08163e0e3e4b1e99b199280945bf2c4') in 0.074055 seconds 
========================================================================
Received Import Request.
  Time since last request: 5.239686 seconds.
  path: Assets/Prefabs/World/MealDish.prefab
  artifactKey: Guid(2b11cfaba261f534b8244c68d68d2f93) Importer(815301076,1909f56bfc062723c751e8b465ee728b)
Start importing Assets/Prefabs/World/MealDish.prefab using Guid(2b11cfaba261f534b8244c68d68d2f93) Importer(815301076,1909f56bfc062723c751e8b465ee728b)  -> (artifact id: '5933ac603549bf31cf25c238773362db') in 0.070904 seconds 
========================================================================
Received Import Request.
  Time since last request: 3.188959 seconds.
  path: Assets/Prefabs/World/MealDish.prefab
  artifactKey: Guid(2b11cfaba261f534b8244c68d68d2f93) Importer(815301076,1909f56bfc062723c751e8b465ee728b)
Start importing Assets/Prefabs/World/MealDish.prefab using Guid(2b11cfaba261f534b8244c68d68d2f93) Importer(815301076,1909f56bfc062723c751e8b465ee728b)  -> (artifact id: '5dce5da9f7bd6c7819df6b64365b4f9b') in 0.067901 seconds 
========================================================================
Received Import Request.
  Time since last request: 9.299324 seconds.
  path: Assets/Prefabs/World/MealDish.prefab
  artifactKey: Guid(2b11cfaba261f534b8244c68d68d2f93) Importer(815301076,1909f56bfc062723c751e8b465ee728b)
Start importing Assets/Prefabs/World/MealDish.prefab using Guid(2b11cfaba261f534b8244c68d68d2f93) Importer(815301076,1909f56bfc062723c751e8b465ee728b)  -> (artifact id: '27919e60f28cb60e54d2f7a8f1b50595') in 0.070763 seconds 
========================================================================
Received Import Request.
  Time since last request: 4.987516 seconds.
  path: Assets/Prefabs/World/MealDish.prefab
  artifactKey: Guid(2b11cfaba261f534b8244c68d68d2f93) Importer(815301076,1909f56bfc062723c751e8b465ee728b)
Start importing Assets/Prefabs/World/MealDish.prefab using Guid(2b11cfaba261f534b8244c68d68d2f93) Importer(815301076,1909f56bfc062723c751e8b465ee728b)  -> (artifact id: 'ec3c6cbc031759a667aa917d842414c2') in 0.070690 seconds 
========================================================================
Received Import Request.
  Time since last request: 9.733732 seconds.
  path: Assets/Prefabs/World/MealDish.prefab
  artifactKey: Guid(2b11cfaba261f534b8244c68d68d2f93) Importer(815301076,1909f56bfc062723c751e8b465ee728b)
Start importing Assets/Prefabs/World/MealDish.prefab using Guid(2b11cfaba261f534b8244c68d68d2f93) Importer(815301076,1909f56bfc062723c751e8b465ee728b)  -> (artifact id: '06f6d592ecb07c333fa954ea7d337e99') in 0.071945 seconds 
========================================================================
Received Import Request.
  Time since last request: 3.390411 seconds.
  path: Assets/Prefabs/World/MealDish.prefab
  artifactKey: Guid(2b11cfaba261f534b8244c68d68d2f93) Importer(815301076,1909f56bfc062723c751e8b465ee728b)
Start importing Assets/Prefabs/World/MealDish.prefab using Guid(2b11cfaba261f534b8244c68d68d2f93) Importer(815301076,1909f56bfc062723c751e8b465ee728b)  -> (artifact id: 'bc386af3f092610d9730672754926983') in 0.072911 seconds 
========================================================================
Received Import Request.
  Time since last request: 0.939558 seconds.
  path: Assets/Prefabs/World/MealDish.prefab
  artifactKey: Guid(2b11cfaba261f534b8244c68d68d2f93) Importer(815301076,1909f56bfc062723c751e8b465ee728b)
Start importing Assets/Prefabs/World/MealDish.prefab using Guid(2b11cfaba261f534b8244c68d68d2f93) Importer(815301076,1909f56bfc062723c751e8b465ee728b)  -> (artifact id: '25a1c08159ccc735118bef33f7668566') in 0.070897 seconds 
========================================================================
Received Import Request.
  Time since last request: 4.065317 seconds.
  path: Assets/Prefabs/World/MealDish.prefab
  artifactKey: Guid(2b11cfaba261f534b8244c68d68d2f93) Importer(815301076,1909f56bfc062723c751e8b465ee728b)
Start importing Assets/Prefabs/World/MealDish.prefab using Guid(2b11cfaba261f534b8244c68d68d2f93) Importer(815301076,1909f56bfc062723c751e8b465ee728b)  -> (artifact id: 'f34c822e3566a8746542b20c6d807b42') in 0.072326 seconds 
========================================================================
Received Import Request.
  Time since last request: 6.336074 seconds.
  path: Assets/Prefabs/World/MealDish.prefab
  artifactKey: Guid(2b11cfaba261f534b8244c68d68d2f93) Importer(815301076,1909f56bfc062723c751e8b465ee728b)
Start importing Assets/Prefabs/World/MealDish.prefab using Guid(2b11cfaba261f534b8244c68d68d2f93) Importer(815301076,1909f56bfc062723c751e8b465ee728b)  -> (artifact id: '2c9834859c5b9f7135a33c268f8cafbb') in 0.069083 seconds 
========================================================================
Received Import Request.
  Time since last request: 11.748310 seconds.
  path: Assets/Prefabs/World/MealDish.prefab
  artifactKey: Guid(2b11cfaba261f534b8244c68d68d2f93) Importer(815301076,1909f56bfc062723c751e8b465ee728b)
Start importing Assets/Prefabs/World/MealDish.prefab using Guid(2b11cfaba261f534b8244c68d68d2f93) Importer(815301076,1909f56bfc062723c751e8b465ee728b)  -> (artifact id: 'ebfdcdef5ecc9f7e2a67e90babb0fae9') in 0.074554 seconds 
========================================================================
Received Prepare
Registering precompiled user dll's ...
Registered in 0.013929 seconds.
Begin MonoManager ReloadAssembly
Symbol file LoadedFromMemory doesn't match image D:\GitHub\Connectinno\Connectinno\Library\PackageCache\com.unity.visualscripting@1.7.8\Editor\VisualScripting.Core\Dependencies\YamlDotNet\Unity.VisualScripting.YamlDotNet.dll
Symbol file LoadedFromMemory doesn't match image D:\GitHub\Connectinno\Connectinno\Library\PackageCache\com.unity.visualscripting@1.7.8\Editor\VisualScripting.Core\Dependencies\DotNetZip\Unity.VisualScripting.IonicZip.dll
Native extension for WindowsStandalone target not found
Native extension for Android target not found
Native extension for WebGL target not found
Refreshing native plugins compatible for Editor in 1.12 ms, found 3 plugins.
Preloading 0 native plugins for Editor in 0.00 ms.
Mono: successfully reloaded assembly
- Completed reload, in  2.083 seconds
Domain Reload Profiling:
	ReloadAssembly (2084ms)
		BeginReloadAssembly (237ms)
			ExecutionOrderSort (0ms)
			DisableScriptedObjects (13ms)
			BackupInstance (0ms)
			ReleaseScriptingObjects (0ms)
			CreateAndSetChildDomain (60ms)
		EndReloadAssembly (1654ms)
			LoadAssemblies (168ms)
			RebuildTransferFunctionScriptingTraits (0ms)
			SetupTypeCache (555ms)
			ReleaseScriptCaches (3ms)
			RebuildScriptCaches (89ms)
			SetupLoadedEditorAssemblies (730ms)
				LogAssemblyErrors (0ms)
				InitializePlatformSupportModulesInManaged (50ms)
				SetLoadedEditorAssemblies (1ms)
				RefreshPlugins (1ms)
				BeforeProcessingInitializeOnLoad (149ms)
				ProcessInitializeOnLoadAttributes (440ms)
				ProcessInitializeOnLoadMethodAttributes (59ms)
				AfterProcessingInitializeOnLoad (29ms)
				EditorAssembliesLoaded (0ms)
			ExecutionOrderSort2 (0ms)
			AwakeInstancesAfterBackupRestoration (12ms)
Platform modules already initialized, skipping
Refreshing native plugins compatible for Editor in 5.60 ms, found 3 plugins.
Preloading 0 native plugins for Editor in 0.00 ms.
Unloading 3501 Unused Serialized files (Serialized files now loaded: 0)
Unloading 39 unused Assets / (1.3 MB). Loaded Objects now: 4066.
Memory consumption went from 135.1 MB to 133.8 MB.
Total: 6.990900 ms (FindLiveObjects: 0.393100 ms CreateObjectMapping: 0.365200 ms MarkObjects: 5.573500 ms  DeleteObjects: 0.657400 ms)

AssetImportParameters requested are different than current active one (requested -> active):
  custom:video-decoder-ogg-theora: a1e56fd34408186e4bbccfd4996cb3dc -> 
  custom:container-muxer-webm: aa71ff27fc2769a1b78a27578f13a17b -> 
  custom:container-demuxer-webm: 4f35f7cbe854078d1ac9338744f61a02 -> 
  custom:video-encoder-webm-vp8: eb34c28f22e8b96e1ab97ce403110664 -> 
  custom:audio-encoder-webm-vorbis: bf7c407c2cedff20999df2af8eb42d56 -> 
  custom:framework-win-MediaFoundation: 216162199b28c13a410421893ffa2e32 -> 
  custom:container-demuxer-ogg: 62fdf1f143b41e24485cea50d1cbac27 -> 
  custom:video-decoder-webm-vp8: 9c59270c3fd7afecdb556c50c9e8de78 -> 
  custom:audio-decoder-ogg-vorbis: bf7c407c2cedff20999df2af8eb42d56 -> 
========================================================================
Received Import Request.
  Time since last request: 61.222632 seconds.
  path: Assets/Prefabs/World/Stove.prefab
  artifactKey: Guid(c1b828aa08213f943bd53216dc33c956) Importer(815301076,1909f56bfc062723c751e8b465ee728b)
Start importing Assets/Prefabs/World/Stove.prefab using Guid(c1b828aa08213f943bd53216dc33c956) Importer(815301076,1909f56bfc062723c751e8b465ee728b)  -> (artifact id: '2e5133d66e56fbdbfe4ba12dec78f017') in 0.136269 seconds 
========================================================================
Received Prepare
Registering precompiled user dll's ...
Registered in 0.012453 seconds.
Begin MonoManager ReloadAssembly
Symbol file LoadedFromMemory doesn't match image D:\GitHub\Connectinno\Connectinno\Library\PackageCache\com.unity.visualscripting@1.7.8\Editor\VisualScripting.Core\Dependencies\YamlDotNet\Unity.VisualScripting.YamlDotNet.dll
Symbol file LoadedFromMemory doesn't match image D:\GitHub\Connectinno\Connectinno\Library\PackageCache\com.unity.visualscripting@1.7.8\Editor\VisualScripting.Core\Dependencies\DotNetZip\Unity.VisualScripting.IonicZip.dll
Native extension for WindowsStandalone target not found
Native extension for Android target not found
Native extension for WebGL target not found
Refreshing native plugins compatible for Editor in 0.94 ms, found 3 plugins.
Preloading 0 native plugins for Editor in 0.00 ms.
Mono: successfully reloaded assembly
- Completed reload, in  2.159 seconds
Domain Reload Profiling:
	ReloadAssembly (2160ms)
		BeginReloadAssembly (254ms)
			ExecutionOrderSort (0ms)
			DisableScriptedObjects (8ms)
			BackupInstance (0ms)
			ReleaseScriptingObjects (0ms)
			CreateAndSetChildDomain (57ms)
		EndReloadAssembly (1675ms)
			LoadAssemblies (189ms)
			RebuildTransferFunctionScriptingTraits (0ms)
			SetupTypeCache (572ms)
			ReleaseScriptCaches (3ms)
			RebuildScriptCaches (85ms)
			SetupLoadedEditorAssemblies (730ms)
				LogAssemblyErrors (0ms)
				InitializePlatformSupportModulesInManaged (56ms)
				SetLoadedEditorAssemblies (1ms)
				RefreshPlugins (1ms)
				BeforeProcessingInitializeOnLoad (148ms)
				ProcessInitializeOnLoadAttributes (440ms)
				ProcessInitializeOnLoadMethodAttributes (60ms)
				AfterProcessingInitializeOnLoad (24ms)
				EditorAssembliesLoaded (0ms)
			ExecutionOrderSort2 (0ms)
			AwakeInstancesAfterBackupRestoration (11ms)
Platform modules already initialized, skipping
Refreshing native plugins compatible for Editor in 6.25 ms, found 3 plugins.
Preloading 0 native plugins for Editor in 0.00 ms.
Unloading 3501 Unused Serialized files (Serialized files now loaded: 0)
Unloading 35 unused Assets / (1.3 MB). Loaded Objects now: 4069.
Memory consumption went from 135.0 MB to 133.8 MB.
Total: 8.238300 ms (FindLiveObjects: 0.464900 ms CreateObjectMapping: 0.415900 ms MarkObjects: 6.962900 ms  DeleteObjects: 0.393000 ms)

AssetImportParameters requested are different than current active one (requested -> active):
  custom:video-decoder-ogg-theora: a1e56fd34408186e4bbccfd4996cb3dc -> 
  custom:container-muxer-webm: aa71ff27fc2769a1b78a27578f13a17b -> 
  custom:container-demuxer-webm: 4f35f7cbe854078d1ac9338744f61a02 -> 
  custom:video-encoder-webm-vp8: eb34c28f22e8b96e1ab97ce403110664 -> 
  custom:audio-encoder-webm-vorbis: bf7c407c2cedff20999df2af8eb42d56 -> 
  custom:framework-win-MediaFoundation: 216162199b28c13a410421893ffa2e32 -> 
  custom:container-demuxer-ogg: 62fdf1f143b41e24485cea50d1cbac27 -> 
  custom:video-decoder-webm-vp8: 9c59270c3fd7afecdb556c50c9e8de78 -> 
  custom:audio-decoder-ogg-vorbis: bf7c407c2cedff20999df2af8eb42d56 -> 
========================================================================
Received Prepare
Registering precompiled user dll's ...
Registered in 0.015224 seconds.
Begin MonoManager ReloadAssembly
Symbol file LoadedFromMemory doesn't match image D:\GitHub\Connectinno\Connectinno\Library\PackageCache\com.unity.visualscripting@1.7.8\Editor\VisualScripting.Core\Dependencies\YamlDotNet\Unity.VisualScripting.YamlDotNet.dll
Symbol file LoadedFromMemory doesn't match image D:\GitHub\Connectinno\Connectinno\Library\PackageCache\com.unity.visualscripting@1.7.8\Editor\VisualScripting.Core\Dependencies\DotNetZip\Unity.VisualScripting.IonicZip.dll
Native extension for WindowsStandalone target not found
Native extension for Android target not found
Native extension for WebGL target not found
Refreshing native plugins compatible for Editor in 1.16 ms, found 3 plugins.
Preloading 0 native plugins for Editor in 0.00 ms.
Mono: successfully reloaded assembly
- Completed reload, in  2.535 seconds
Domain Reload Profiling:
	ReloadAssembly (2537ms)
		BeginReloadAssembly (268ms)
			ExecutionOrderSort (0ms)
			DisableScriptedObjects (9ms)
			BackupInstance (0ms)
			ReleaseScriptingObjects (0ms)
			CreateAndSetChildDomain (67ms)
		EndReloadAssembly (2021ms)
			LoadAssemblies (218ms)
			RebuildTransferFunctionScriptingTraits (0ms)
			SetupTypeCache (691ms)
			ReleaseScriptCaches (2ms)
			RebuildScriptCaches (115ms)
			SetupLoadedEditorAssemblies (836ms)
				LogAssemblyErrors (0ms)
				InitializePlatformSupportModulesInManaged (62ms)
				SetLoadedEditorAssemblies (1ms)
				RefreshPlugins (1ms)
				BeforeProcessingInitializeOnLoad (159ms)
				ProcessInitializeOnLoadAttributes (517ms)
				ProcessInitializeOnLoadMethodAttributes (69ms)
				AfterProcessingInitializeOnLoad (26ms)
				EditorAssembliesLoaded (0ms)
			ExecutionOrderSort2 (0ms)
			AwakeInstancesAfterBackupRestoration (19ms)
Platform modules already initialized, skipping
Refreshing native plugins compatible for Editor in 4.54 ms, found 3 plugins.
Preloading 0 native plugins for Editor in 0.00 ms.
Unloading 3501 Unused Serialized files (Serialized files now loaded: 0)
Unloading 35 unused Assets / (1.3 MB). Loaded Objects now: 4072.
Memory consumption went from 135.1 MB to 133.8 MB.
Total: 7.795900 ms (FindLiveObjects: 1.262400 ms CreateObjectMapping: 1.250900 ms MarkObjects: 4.820400 ms  DeleteObjects: 0.459200 ms)

AssetImportParameters requested are different than current active one (requested -> active):
  custom:video-decoder-ogg-theora: a1e56fd34408186e4bbccfd4996cb3dc -> 
  custom:container-muxer-webm: aa71ff27fc2769a1b78a27578f13a17b -> 
  custom:container-demuxer-webm: 4f35f7cbe854078d1ac9338744f61a02 -> 
  custom:video-encoder-webm-vp8: eb34c28f22e8b96e1ab97ce403110664 -> 
  custom:audio-encoder-webm-vorbis: bf7c407c2cedff20999df2af8eb42d56 -> 
  custom:framework-win-MediaFoundation: 216162199b28c13a410421893ffa2e32 -> 
  custom:container-demuxer-ogg: 62fdf1f143b41e24485cea50d1cbac27 -> 
  custom:video-decoder-webm-vp8: 9c59270c3fd7afecdb556c50c9e8de78 -> 
  custom:audio-decoder-ogg-vorbis: bf7c407c2cedff20999df2af8eb42d56 -> 
========================================================================
Received Prepare
Registering precompiled user dll's ...
Registered in 0.017801 seconds.
Begin MonoManager ReloadAssembly
Symbol file LoadedFromMemory doesn't match image D:\GitHub\Connectinno\Connectinno\Library\PackageCache\com.unity.visualscripting@1.7.8\Editor\VisualScripting.Core\Dependencies\YamlDotNet\Unity.VisualScripting.YamlDotNet.dll
Symbol file LoadedFromMemory doesn't match image D:\GitHub\Connectinno\Connectinno\Library\PackageCache\com.unity.visualscripting@1.7.8\Editor\VisualScripting.Core\Dependencies\DotNetZip\Unity.VisualScripting.IonicZip.dll
Native extension for WindowsStandalone target not found
Native extension for Android target not found
Native extension for WebGL target not found
Refreshing native plugins compatible for Editor in 0.96 ms, found 3 plugins.
Preloading 0 native plugins for Editor in 0.00 ms.
Mono: successfully reloaded assembly
- Completed reload, in  2.670 seconds
Domain Reload Profiling:
	ReloadAssembly (2673ms)
		BeginReloadAssembly (297ms)
			ExecutionOrderSort (0ms)
			DisableScriptedObjects (10ms)
			BackupInstance (0ms)
			ReleaseScriptingObjects (0ms)
			CreateAndSetChildDomain (72ms)
		EndReloadAssembly (2096ms)
			LoadAssemblies (257ms)
			RebuildTransferFunctionScriptingTraits (0ms)
			SetupTypeCache (702ms)
			ReleaseScriptCaches (2ms)
			RebuildScriptCaches (115ms)
			SetupLoadedEditorAssemblies (892ms)
				LogAssemblyErrors (0ms)
				InitializePlatformSupportModulesInManaged (64ms)
				SetLoadedEditorAssemblies (1ms)
				RefreshPlugins (1ms)
				BeforeProcessingInitializeOnLoad (170ms)
				ProcessInitializeOnLoadAttributes (538ms)
				ProcessInitializeOnLoadMethodAttributes (81ms)
				AfterProcessingInitializeOnLoad (35ms)
				EditorAssembliesLoaded (2ms)
			ExecutionOrderSort2 (0ms)
			AwakeInstancesAfterBackupRestoration (14ms)
Platform modules already initialized, skipping
Refreshing native plugins compatible for Editor in 10.37 ms, found 3 plugins.
Preloading 0 native plugins for Editor in 0.00 ms.
Unloading 3501 Unused Serialized files (Serialized files now loaded: 0)
Unloading 35 unused Assets / (1.3 MB). Loaded Objects now: 4075.
Memory consumption went from 135.1 MB to 133.8 MB.
Total: 10.167400 ms (FindLiveObjects: 0.485400 ms CreateObjectMapping: 0.248900 ms MarkObjects: 7.270400 ms  DeleteObjects: 2.160800 ms)

AssetImportParameters requested are different than current active one (requested -> active):
  custom:video-decoder-ogg-theora: a1e56fd34408186e4bbccfd4996cb3dc -> 
  custom:container-muxer-webm: aa71ff27fc2769a1b78a27578f13a17b -> 
  custom:container-demuxer-webm: 4f35f7cbe854078d1ac9338744f61a02 -> 
  custom:video-encoder-webm-vp8: eb34c28f22e8b96e1ab97ce403110664 -> 
  custom:audio-encoder-webm-vorbis: bf7c407c2cedff20999df2af8eb42d56 -> 
  custom:framework-win-MediaFoundation: 216162199b28c13a410421893ffa2e32 -> 
  custom:container-demuxer-ogg: 62fdf1f143b41e24485cea50d1cbac27 -> 
  custom:video-decoder-webm-vp8: 9c59270c3fd7afecdb556c50c9e8de78 -> 
  custom:audio-decoder-ogg-vorbis: bf7c407c2cedff20999df2af8eb42d56 -> 
